<?xml version="1.0" encoding="UTF-8"?>
<testsuite name="com.name.brief.repository.GameSessionRepositoryTest" tests="11" skipped="0" failures="0" errors="0" timestamp="2018-03-12T19:32:44" hostname="MBP-Andrey" time="1.253">
  <properties/>
  <testcase name="findBuStrIdAndActiveDate_returnsNullIfNoValidSessionFound" classname="com.name.brief.repository.GameSessionRepositoryTest" time="0.108"/>
  <testcase name="changePhaseWorksAsExpected" classname="com.name.brief.repository.GameSessionRepositoryTest" time="0.227"/>
  <testcase name="getSessionByStrIdAndActiveDate_returnsNullIfStrIdMatchAndActiveDateNot" classname="com.name.brief.repository.GameSessionRepositoryTest" time="0.068"/>
  <testcase name="findSessionsAfter_ReturnsOnlySessionsOfCurrentUser" classname="com.name.brief.repository.GameSessionRepositoryTest" time="0.489"/>
  <testcase name="changePhaseDoesNothingIfIdDoesNotExist" classname="com.name.brief.repository.GameSessionRepositoryTest" time="0.009"/>
  <testcase name="findBuStrIdAndActiveDate_returnsNullIfSessionActiveDateExpired" classname="com.name.brief.repository.GameSessionRepositoryTest" time="0.068"/>
  <testcase name="whenFindByStringIdAndDate_returnsGameSession" classname="com.name.brief.repository.GameSessionRepositoryTest" time="0.049"/>
  <testcase name="findCurrentPhaseNumberById_returnsProperPhase" classname="com.name.brief.repository.GameSessionRepositoryTest" time="0.062"/>
  <testcase name="setEndOfTimerWorksAsExpected" classname="com.name.brief.repository.GameSessionRepositoryTest" time="0.073"/>
  <testcase name="update_withUpdatedCommandPersistsCommandAsWell" classname="com.name.brief.repository.GameSessionRepositoryTest" time="0.051"/>
  <testcase name="savingSessionAddsIdToIt" classname="com.name.brief.repository.GameSessionRepositoryTest" time="0.031"/>
  <system-out><![CDATA[22:32:39.676 [Test worker] DEBUG org.springframework.test.context.junit4.SpringJUnit4ClassRunner - SpringJUnit4ClassRunner constructor called with [class com.name.brief.repository.GameSessionRepositoryTest]
22:32:39.689 [Test worker] DEBUG org.springframework.test.context.BootstrapUtils - Instantiating CacheAwareContextLoaderDelegate from class [org.springframework.test.context.cache.DefaultCacheAwareContextLoaderDelegate]
22:32:39.696 [Test worker] DEBUG org.springframework.test.context.BootstrapUtils - Instantiating BootstrapContext using constructor [public org.springframework.test.context.support.DefaultBootstrapContext(java.lang.Class,org.springframework.test.context.CacheAwareContextLoaderDelegate)]
22:32:39.716 [Test worker] DEBUG org.springframework.test.context.BootstrapUtils - Instantiating TestContextBootstrapper for test class [com.name.brief.repository.GameSessionRepositoryTest] from class [org.springframework.boot.test.context.SpringBootTestContextBootstrapper]
22:32:39.750 [Test worker] INFO org.springframework.boot.test.context.SpringBootTestContextBootstrapper - Neither @ContextConfiguration nor @ContextHierarchy found for test class [com.name.brief.repository.GameSessionRepositoryTest], using SpringBootContextLoader
22:32:39.756 [Test worker] DEBUG org.springframework.test.context.support.AbstractContextLoader - Did not detect default resource location for test class [com.name.brief.repository.GameSessionRepositoryTest]: class path resource [com/name/brief/repository/GameSessionRepositoryTest-context.xml] does not exist
22:32:39.756 [Test worker] DEBUG org.springframework.test.context.support.AbstractContextLoader - Did not detect default resource location for test class [com.name.brief.repository.GameSessionRepositoryTest]: class path resource [com/name/brief/repository/GameSessionRepositoryTestContext.groovy] does not exist
22:32:39.756 [Test worker] INFO org.springframework.test.context.support.AbstractContextLoader - Could not detect default resource locations for test class [com.name.brief.repository.GameSessionRepositoryTest]: no resource found for suffixes {-context.xml, Context.groovy}.
22:32:39.863 [Test worker] DEBUG org.springframework.test.context.support.ActiveProfilesUtils - Could not find an 'annotation declaring class' for annotation type [org.springframework.test.context.ActiveProfiles] and class [com.name.brief.repository.GameSessionRepositoryTest]
22:32:39.871 [Test worker] DEBUG org.springframework.core.env.StandardEnvironment - Adding PropertySource 'systemProperties' with lowest search precedence
22:32:39.872 [Test worker] DEBUG org.springframework.core.env.StandardEnvironment - Adding PropertySource 'systemEnvironment' with lowest search precedence
22:32:39.873 [Test worker] DEBUG org.springframework.core.env.StandardEnvironment - Initialized StandardEnvironment with PropertySources [MapPropertySource@1087559093 {name='systemProperties', properties={java.runtime.name=Java(TM) SE Runtime Environment, sun.boot.library.path=/Library/Java/JavaVirtualMachines/jdk1.8.0_131.jdk/Contents/Home/jre/lib, java.vm.version=25.131-b11, gopherProxySet=false, java.vm.vendor=Oracle Corporation, java.vendor.url=http://java.oracle.com/, path.separator=:, java.vm.name=Java HotSpot(TM) 64-Bit Server VM, file.encoding.pkg=sun.io, sun.java.launcher=SUN_STANDARD, user.country=US, sun.os.patch.level=unknown, java.vm.specification.name=Java Virtual Machine Specification, user.dir=/Users/andreyserebryanskiy/IdeaProjects/brief, java.runtime.version=1.8.0_131-b11, java.awt.graphicsenv=sun.awt.CGraphicsEnvironment, java.endorsed.dirs=/Library/Java/JavaVirtualMachines/jdk1.8.0_131.jdk/Contents/Home/jre/lib/endorsed, os.arch=x86_64, java.io.tmpdir=/var/folders/mc/py5gk3hj7csbw1b0m2sk5wfr0000gn/T/, line.separator=
, java.vm.specification.vendor=Oracle Corporation, user.variant=, os.name=Mac OS X, sun.jnu.encoding=UTF-8, java.library.path=/Users/andreyserebryanskiy/Library/Java/Extensions:/Library/Java/Extensions:/Network/Library/Java/Extensions:/System/Library/Java/Extensions:/usr/lib/java:., java.specification.name=Java Platform API Specification, java.class.version=52.0, org.gradle.native=false, sun.management.compiler=HotSpot 64-Bit Tiered Compilers, os.version=10.13.3, http.nonProxyHosts=local|*.local|169.254/16|*.169.254/16, user.home=/Users/andreyserebryanskiy, user.timezone=Europe/Moscow, java.awt.printerjob=sun.lwawt.macosx.CPrinterJob, file.encoding=UTF-8, java.specification.version=1.8, java.class.path=/Users/andreyserebryanskiy/IdeaProjects/brief/build/classes/java/test:/Users/andreyserebryanskiy/IdeaProjects/brief/build/resources/test:/Users/andreyserebryanskiy/IdeaProjects/brief/build/classes/java/main:/Users/andreyserebryanskiy/IdeaProjects/brief/build/resources/main:/Users/andreyserebryanskiy/.gradle/caches/modules-2/files-2.1/org.springframework.boot/spring-boot-devtools/1.5.9.RELEASE/8908280f33c65ffa21789020e7a37d46a798d445/spring-boot-devtools-1.5.9.RELEASE.jar:/Users/andreyserebryanskiy/.gradle/caches/modules-2/files-2.1/org.springframework.boot/spring-boot-starter-thymeleaf/1.5.9.RELEASE/f1a07e590d7742b7c57367ba23a3c0eecb491d48/spring-boot-starter-thymeleaf-1.5.9.RELEASE.jar:/Users/andreyserebryanskiy/.gradle/caches/modules-2/files-2.1/org.springframework.boot/spring-boot-starter-data-jpa/1.5.9.RELEASE/8628320876aa12cc406216523effe954fbd354c0/spring-boot-starter-data-jpa-1.5.9.RELEASE.jar:/Users/andreyserebryanskiy/.gradle/caches/modules-2/files-2.1/org.springframework.boot/spring-boot-starter-security/1.5.9.RELEASE/f6ee3598d26440007927c67371406f2433c13e2d/spring-boot-starter-security-1.5.9.RELEASE.jar:/Users/andreyserebryanskiy/.gradle/caches/modules-2/files-2.1/org.springframework.boot/spring-boot-starter-websocket/1.5.9.RELEASE/f0992aaf939945f3a492847900de7d85b6addf5a/spring-boot-starter-websocket-1.5.9.RELEASE.jar:/Users/andreyserebryanskiy/.gradle/caches/modules-2/files-2.1/org.webjars/webjars-locator/0.32-1/89f6c5d22d001aff4aaa4853bb9617207127ea62/webjars-locator-0.32-1.jar:/Users/andreyserebryanskiy/.gradle/caches/modules-2/files-2.1/org.webjars/sockjs-client/1.0.2/38abdad784d10a7fd9e25af81bdf47016e8ee50d/sockjs-client-1.0.2.jar:/Users/andreyserebryanskiy/.gradle/caches/modules-2/files-2.1/org.webjars/stomp-websocket/2.3.3/3ac153b386f7945bc756709df3d171105e8fd2d5/stomp-websocket-2.3.3.jar:/Users/andreyserebryanskiy/.gradle/caches/modules-2/files-2.1/org.hibernate/hibernate-entitymanager/5.2.13.Final/cdef4ec0e1c9739942fbd16bb6b355d5fb804fba/hibernate-entitymanager-5.2.13.Final.jar:/Users/andreyserebryanskiy/.gradle/caches/modules-2/files-2.1/org.hibernate/hibernate-java8/5.2.13.Final/f0479f348b1ce3a56073fc08d3a108c3af20ed0b/hibernate-java8-5.2.13.Final.jar:/Users/andreyserebryanskiy/.gradle/caches/modules-2/files-2.1/org.hibernate/hibernate-core/5.2.13.Final/830492a74b3013ef75135ea4120b2ac23fa7ad9f/hibernate-core-5.2.13.Final.jar:/Users/andreyserebryanskiy/.gradle/caches/modules-2/files-2.1/org.apache.tomcat/tomcat-dbcp/8.0.30/561d21fd8b659c7738e64aea1fba35b700fdf5e4/tomcat-dbcp-8.0.30.jar:/Users/andreyserebryanskiy/.gradle/caches/modules-2/files-2.1/org.projectlombok/lombok/1.16.20/ac76d9b956045631d1561a09289cbf472e077c01/lombok-1.16.20.jar:/Users/andreyserebryanskiy/.gradle/caches/modules-2/files-2.1/net.sourceforge.nekohtml/nekohtml/1.9.21/6841b177ab20385a9e9e0c83be3bf8711a6bc5e4/nekohtml-1.9.21.jar:/Users/andreyserebryanskiy/.gradle/caches/modules-2/files-2.1/org.thymeleaf.extras/thymeleaf-extras-springsecurity4/2.1.2.RELEASE/f25ce1dcf58ac07f2d80354268c42de11fc484fc/thymeleaf-extras-springsecurity4-2.1.2.RELEASE.jar:/Users/andreyserebryanskiy/.gradle/caches/modules-2/files-2.1/org.thymeleaf.extras/thymeleaf-extras-java8time/2.1.0.RELEASE/e04e378cad4db60acca478954da6a48388201cc1/thymeleaf-extras-java8time-2.1.0.RELEASE.jar:/Users/andreyserebryanskiy/.gradle/caches/modules-2/files-2.1/org.springframework.boot/spring-boot-starter-web/1.5.9.RELEASE/bda9733d5e6ba6d1a97deead1738713dc0631b3e/spring-boot-starter-web-1.5.9.RELEASE.jar:/Users/andreyserebryanskiy/.gradle/caches/modules-2/files-2.1/org.springframework.boot/spring-boot-starter-tomcat/1.5.9.RELEASE/4615056f8a2bcad03ba8cdf410419ee3d101c5bb/spring-boot-starter-tomcat-1.5.9.RELEASE.jar:/Users/andreyserebryanskiy/.gradle/caches/modules-2/files-2.1/com.h2database/h2/1.4.196/dd0034398d593aa3588c6773faac429bbd9aea0e/h2-1.4.196.jar:/Users/andreyserebryanskiy/.gradle/caches/modules-2/files-2.1/javax.transaction/jta/1.1/2ca09f0b36ca7d71b762e14ea2ff09d5eac57558/jta-1.1.jar:/Users/andreyserebryanskiy/.gradle/caches/modules-2/files-2.1/org.springframework.boot/spring-boot-starter-aop/1.5.9.RELEASE/fab419df8d7a13968a51ebfcbcad7ef320d66184/spring-boot-starter-aop-1.5.9.RELEASE.jar:/Users/andreyserebryanskiy/.gradle/caches/modules-2/files-2.1/org.springframework/spring-aspects/4.3.13.RELEASE/c91788e6b7c431379d0f7fe5f85f427d7e3f01ae/spring-aspects-4.3.13.RELEASE.jar:/Users/andreyserebryanskiy/.gradle/caches/modules-2/files-2.1/org.aspectj/aspectjweaver/1.8.7/f753e78bbe484e58b3b4e5ce3cc1751e50d11f6c/aspectjweaver-1.8.7.jar:/Users/andreyserebryanskiy/.gradle/caches/modules-2/files-2.1/org.springframework.boot/spring-boot-starter-test/1.5.9.RELEASE/b5adf6fbf53be00b7ae52f657d564122edbe5156/spring-boot-starter-test-1.5.9.RELEASE.jar:/Users/andreyserebryanskiy/.gradle/caches/modules-2/files-2.1/junit/junit/4.12/2973d150c0dc1fefe998f834810d68f278ea58ec/junit-4.12.jar:/Users/andreyserebryanskiy/.gradle/caches/modules-2/files-2.1/org.hamcrest/hamcrest-all/1.3/63a21ebc981131004ad02e0434e799fd7f3a8d5a/hamcrest-all-1.3.jar:/Users/andreyserebryanskiy/.gradle/caches/modules-2/files-2.1/org.springframework.security/spring-security-test/5.0.1.RELEASE/3487637b60d592dca2d5e933941749b81de84d56/spring-security-test-5.0.1.RELEASE.jar:/Users/andreyserebryanskiy/.gradle/caches/modules-2/files-2.1/org.springframework.boot/spring-boot-starter-jdbc/1.5.9.RELEASE/6769ecea55e952afb64f17975638c5afd1e59ef3/spring-boot-starter-jdbc-1.5.9.RELEASE.jar:/Users/andreyserebryanskiy/.gradle/caches/modules-2/files-2.1/org.springframework.boot/spring-boot-starter/1.5.9.RELEASE/6bfb34db2715ee86c6e2337fa145650588b4b1b3/spring-boot-starter-1.5.9.RELEASE.jar:/Users/andreyserebryanskiy/.gradle/caches/modules-2/files-2.1/org.springframework.boot/spring-boot-test-autoconfigure/1.5.9.RELEASE/b428495e25b0531b2a977f51c5d29011c817b8ee/spring-boot-test-autoconfigure-1.5.9.RELEASE.jar:/Users/andreyserebryanskiy/.gradle/caches/modules-2/files-2.1/org.springframework.boot/spring-boot-autoconfigure/1.5.9.RELEASE/88dd18bdaf317ae40971573a051fd47265f2ed39/spring-boot-autoconfigure-1.5.9.RELEASE.jar:/Users/andreyserebryanskiy/.gradle/caches/modules-2/files-2.1/org.springframework.boot/spring-boot-test/1.5.9.RELEASE/7e604d56325f04a8b89a280e647746fc69e5a21f/spring-boot-test-1.5.9.RELEASE.jar:/Users/andreyserebryanskiy/.gradle/caches/modules-2/files-2.1/org.springframework.boot/spring-boot/1.5.9.RELEASE/f472cdf948288796fb31e0bb03f6e7b022b763a0/spring-boot-1.5.9.RELEASE.jar:/Users/andreyserebryanskiy/.gradle/caches/modules-2/files-2.1/org.thymeleaf/thymeleaf-spring4/2.1.6.RELEASE/a18784dab5e9337a53ce3213b205f927217849f2/thymeleaf-spring4-2.1.6.RELEASE.jar:/Users/andreyserebryanskiy/.gradle/caches/modules-2/files-2.1/nz.net.ultraq.thymeleaf/thymeleaf-layout-dialect/1.4.0/8d7810c069ed1534b9631fb1e85c35973546086/thymeleaf-layout-dialect-1.4.0.jar:/Users/andreyserebryanskiy/.gradle/caches/modules-2/files-2.1/javax.transaction/javax.transaction-api/1.2/d81aff979d603edd90dcd8db2abc1f4ce6479e3e/javax.transaction-api-1.2.jar:/Users/andreyserebryanskiy/.gradle/caches/modules-2/files-2.1/org.springframework.data/spring-data-jpa/1.11.9.RELEASE/64c80f12361d5b74cf98a3433b59a5c961d78d38/spring-data-jpa-1.11.9.RELEASE.jar:/Users/andreyserebryanskiy/.gradle/caches/modules-2/files-2.1/org.springframework.security/spring-security-config/4.2.3.RELEASE/9f3771903616e33521836fd999d63efbfebf90d/spring-security-config-4.2.3.RELEASE.jar:/Users/andreyserebryanskiy/.gradle/caches/modules-2/files-2.1/org.springframework.security/spring-security-web/4.2.3.RELEASE/7a03e737484ca232d7146852f06d067ac21427ac/spring-security-web-4.2.3.RELEASE.jar:/Users/andreyserebryanskiy/.gradle/caches/modules-2/files-2.1/org.springframework.security/spring-security-core/4.2.3.RELEASE/5c0e47a47036c94d6fdd02696bf52be6d1adbd4d/spring-security-core-4.2.3.RELEASE.jar:/Users/andreyserebryanskiy/.gradle/caches/modules-2/files-2.1/org.springframework/spring-messaging/4.3.13.RELEASE/3fa46fb53bc2a86d23e2aa0b5ba7974196a98621/spring-messaging-4.3.13.RELEASE.jar:/Users/andreyserebryanskiy/.gradle/caches/modules-2/files-2.1/org.springframework/spring-websocket/4.3.13.RELEASE/1e97933cfe7947a8aa7e02f93a97bc76428310d7/spring-websocket-4.3.13.RELEASE.jar:/Users/andreyserebryanskiy/.gradle/caches/modules-2/files-2.1/org.springframework/spring-webmvc/4.3.13.RELEASE/87a095c7a1d13fe433ae6712787238c1dbaa6919/spring-webmvc-4.3.13.RELEASE.jar:/Users/andreyserebryanskiy/.gradle/caches/modules-2/files-2.1/org.springframework/spring-web/4.3.13.RELEASE/7cd084992d546165ede3e99bc31ee49c937f0ce7/spring-web-4.3.13.RELEASE.jar:/Users/andreyserebryanskiy/.gradle/caches/modules-2/files-2.1/org.springframework/spring-context/4.3.13.RELEASE/6ab1c189a13182fa3256f6bbc68fafdaf8f5a19e/spring-context-4.3.13.RELEASE.jar:/Users/andreyserebryanskiy/.gradle/caches/modules-2/files-2.1/org.springframework/spring-aop/4.3.13.RELEASE/61f427b55951f59b50f3c2bd0de3c48960e2a342/spring-aop-4.3.13.RELEASE.jar:/Users/andreyserebryanskiy/.gradle/caches/modules-2/files-2.1/org.webjars/webjars-locator-core/0.32/4e45393c4f366a5bf3e63ec72b726fd57942ca47/webjars-locator-core-0.32.jar:/Users/andreyserebryanskiy/.gradle/caches/modules-2/files-2.1/com.fasterxml.jackson.core/jackson-databind/2.8.10/f7b83cb2bc4b88d53961e749e1ad32f49ef017b7/jackson-databind-2.8.10.jar:/Users/andreyserebryanskiy/.gradle/caches/modules-2/files-2.1/org.hibernate.common/hibernate-commons-annotations/5.0.1.Final/71e1cff3fcb20d3b3af4f3363c3ddb24d33c6879/hibernate-commons-annotations-5.0.1.Final.jar:/Users/andreyserebryanskiy/.gradle/caches/modules-2/files-2.1/org.hibernate/hibernate-validator/5.3.6.Final/4c730be8bf55a8e9a61e79a2f2c079abf48b718/hibernate-validator-5.3.6.Final.jar:/Users/andreyserebryanskiy/.gradle/caches/modules-2/files-2.1/org.jboss.logging/jboss-logging/3.3.1.Final/c46217ab74b532568c0ed31dc599db3048bd1b67/jboss-logging-3.3.1.Final.jar:/Users/andreyserebryanskiy/.gradle/caches/modules-2/files-2.1/org.hibernate.javax.persistence/hibernate-jpa-2.1-api/1.0.0.Final/5e731d961297e5a07290bfaf3db1fbc8bbbf405a/hibernate-jpa-2.1-api-1.0.0.Final.jar:/Users/andreyserebryanskiy/.gradle/caches/modules-2/files-2.1/org.thymeleaf/thymeleaf/2.1.6.RELEASE/c362b4ecbeddc86a0cb7e767a88ce27e9c8147e6/thymeleaf-2.1.6.RELEASE.jar:/Users/andreyserebryanskiy/.gradle/caches/modules-2/files-2.1/org.javassist/javassist/3.21.0-GA/598244f595db5c5fb713731eddbb1c91a58d959b/javassist-3.21.0-GA.jar:/Users/andreyserebryanskiy/.gradle/caches/modules-2/files-2.1/antlr/antlr/2.7.7/83cd2cd674a217ade95a4bb83a8a14f351f48bd0/antlr-2.7.7.jar:/Users/andreyserebryanskiy/.gradle/caches/modules-2/files-2.1/org.jboss.spec.javax.transaction/jboss-transaction-api_1.2_spec/1.0.1.Final/4441f144a2a1f46ed48fcc6b476a4b6295e6d524/jboss-transaction-api_1.2_spec-1.0.1.Final.jar:/Users/andreyserebryanskiy/.gradle/caches/modules-2/files-2.1/org.jboss/jandex/2.0.3.Final/bfc4d6257dbff7a33a357f0de116be6ff951d849/jandex-2.0.3.Final.jar:/Users/andreyserebryanskiy/.gradle/caches/modules-2/files-2.1/com.fasterxml/classmate/1.3.4/3d5f48f10bbe4eb7bd862f10c0583be2e0053c6/classmate-1.3.4.jar:/Users/andreyserebryanskiy/.gradle/caches/modules-2/files-2.1/dom4j/dom4j/1.6.1/5d3ccc056b6f056dbf0dddfdf43894b9065a8f94/dom4j-1.6.1.jar:/Users/andreyserebryanskiy/.gradle/caches/modules-2/files-2.1/net.bytebuddy/byte-buddy/1.6.14/871c3e49dc6183d0d361601c2f1d11abb1a6b48c/byte-buddy-1.6.14.jar:/Users/andreyserebryanskiy/.gradle/caches/modules-2/files-2.1/org.apache.tomcat/tomcat-jdbc/8.5.23/6036400a8f2d90dd3ae3a4d09e5136c56002887b/tomcat-jdbc-8.5.23.jar:/Users/andreyserebryanskiy/.gradle/caches/modules-2/files-2.1/org.apache.tomcat/tomcat-juli/8.5.23/98e7f0610b7b2fb8303f11be0210e3f5a56a7d55/tomcat-juli-8.5.23.jar:/Users/andreyserebryanskiy/.gradle/caches/modules-2/files-2.1/xerces/xercesImpl/2.10.0/9161654d2afe7f9063455f02ccca8e4ec2787222/xercesImpl-2.10.0.jar:/Users/andreyserebryanskiy/.gradle/caches/modules-2/files-2.1/com.jayway.jsonpath/json-path/2.2.0/22290d17944bd239fabf5ac69005a60a7ecbbbcb/json-path-2.2.0.jar:/Users/andreyserebryanskiy/.gradle/caches/modules-2/files-2.1/org.springframework.data/spring-data-commons/1.13.9.RELEASE/3910a598235d2e9c1ca56f34c5e62bb5ce23778/spring-data-commons-1.13.9.RELEASE.jar:/Users/andreyserebryanskiy/.gradle/caches/modules-2/files-2.1/org.springframework.boot/spring-boot-starter-logging/1.5.9.RELEASE/30fd62a1ce9639759d90d49608501082314c1628/spring-boot-starter-logging-1.5.9.RELEASE.jar:/Users/andreyserebryanskiy/.gradle/caches/modules-2/files-2.1/org.slf4j/jcl-over-slf4j/1.7.25/f8c32b13ff142a513eeb5b6330b1588dcb2c0461/jcl-over-slf4j-1.7.25.jar:/Users/andreyserebryanskiy/.gradle/caches/modules-2/files-2.1/ch.qos.logback/logback-classic/1.1.11/ccedfbacef4a6515d2983e3f89ed753d5d4fb665/logback-classic-1.1.11.jar:/Users/andreyserebryanskiy/.gradle/caches/modules-2/files-2.1/org.slf4j/jul-to-slf4j/1.7.25/af5364cd6679bfffb114f0dec8a157aaa283b76/jul-to-slf4j-1.7.25.jar:/Users/andreyserebryanskiy/.gradle/caches/modules-2/files-2.1/org.slf4j/log4j-over-slf4j/1.7.25/a87bb47468f47ee7aabbd54f93e133d4215769c3/log4j-over-slf4j-1.7.25.jar:/Users/andreyserebryanskiy/.gradle/caches/modules-2/files-2.1/org.slf4j/slf4j-api/1.7.25/da76ca59f6a57ee3102f8f9bd9cee742973efa8a/slf4j-api-1.7.25.jar:/Users/andreyserebryanskiy/.gradle/caches/modules-2/files-2.1/org.apache.tomcat.embed/tomcat-embed-websocket/8.5.23/52f07abcae10dc7e1764304b0877def175c2c833/tomcat-embed-websocket-8.5.23.jar:/Users/andreyserebryanskiy/.gradle/caches/modules-2/files-2.1/org.apache.tomcat.embed/tomcat-embed-core/8.5.23/79261793a47f507890ee08f749b9d81774e4f7f0/tomcat-embed-core-8.5.23.jar:/Users/andreyserebryanskiy/.gradle/caches/modules-2/files-2.1/org.apache.tomcat.embed/tomcat-embed-el/8.5.23/98d979cde444dffa6d434c8377d0123b2dfa614c/tomcat-embed-el-8.5.23.jar:/Users/andreyserebryanskiy/.gradle/caches/modules-2/files-2.1/org.mockito/mockito-core/1.10.19/e8546f5bef4e061d8dd73895b4e8f40e3fe6effe/mockito-core-1.10.19.jar:/Users/andreyserebryanskiy/.gradle/caches/modules-2/files-2.1/org.hamcrest/hamcrest-library/1.3/4785a3c21320980282f9f33d0d1264a69040538f/hamcrest-library-1.3.jar:/Users/andreyserebryanskiy/.gradle/caches/modules-2/files-2.1/org.hamcrest/hamcrest-core/1.3/42a25dc3219429f0e5d060061f71acb49bf010a0/hamcrest-core-1.3.jar:/Users/andreyserebryanskiy/.gradle/caches/modules-2/files-2.1/org.assertj/assertj-core/2.6.0/b532c3fc4f66bcfee4989a3514f1cd56203a33ad/assertj-core-2.6.0.jar:/Users/andreyserebryanskiy/.gradle/caches/modules-2/files-2.1/org.skyscreamer/jsonassert/1.4.0/9cdbb373a06f6513e51e8c545ee6a5e981463edb/jsonassert-1.4.0.jar:/Users/andreyserebryanskiy/.gradle/caches/modules-2/files-2.1/org.springframework/spring-test/4.3.13.RELEASE/f4ff71b0d628d37f334d4f1f197c1b8cea364d01/spring-test-4.3.13.RELEASE.jar:/Users/andreyserebryanskiy/.gradle/caches/modules-2/files-2.1/org.springframework/spring-orm/4.3.13.RELEASE/382d3ce044204947f8f2b3fa67a665d4e2bd346f/spring-orm-4.3.13.RELEASE.jar:/Users/andreyserebryanskiy/.gradle/caches/modules-2/files-2.1/org.springframework/spring-jdbc/4.3.13.RELEASE/68e95c2a065641559c7dab7b605bc5847ab026ad/spring-jdbc-4.3.13.RELEASE.jar:/Users/andreyserebryanskiy/.gradle/caches/modules-2/files-2.1/org.springframework/spring-tx/4.3.13.RELEASE/6ebf7b3f2099fa884038d9d7bd44817ebd9c5b4a/spring-tx-4.3.13.RELEASE.jar:/Users/andreyserebryanskiy/.gradle/caches/modules-2/files-2.1/org.springframework/spring-beans/4.3.13.RELEASE/8613a7077722f1d97f8cb3fea4b0b40bfadf4496/spring-beans-4.3.13.RELEASE.jar:/Users/andreyserebryanskiy/.gradle/caches/modules-2/files-2.1/org.springframework/spring-expression/4.3.13.RELEASE/da22bf7df1262e429b49653be6cd5b89b6affe5e/spring-expression-4.3.13.RELEASE.jar:/Users/andreyserebryanskiy/.gradle/caches/modules-2/files-2.1/org.springframework/spring-core/4.3.13.RELEASE/eea18d7f4d01f1baa1b6728b678b5a6fe23c61f6/spring-core-4.3.13.RELEASE.jar:/Users/andreyserebryanskiy/.gradle/caches/modules-2/files-2.1/org.yaml/snakeyaml/1.17/7a27ea250c5130b2922b86dea63cbb1cc10a660c/snakeyaml-1.17.jar:/Users/andreyserebryanskiy/.gradle/caches/modules-2/files-2.1/org.codehaus.groovy/groovy/2.4.13/de7b73bed517fa1323aab391b719b59c3702391a/groovy-2.4.13.jar:/Users/andreyserebryanskiy/.gradle/caches/modules-2/files-2.1/aopalliance/aopalliance/1.0/235ba8b489512805ac13a8f9ea77a1ca5ebe3e8/aopalliance-1.0.jar:/Users/andreyserebryanskiy/.gradle/caches/modules-2/files-2.1/org.apache.commons/commons-lang3/3.1/905075e6c80f206bbe6cf1e809d2caa69f420c76/commons-lang3-3.1.jar:/Users/andreyserebryanskiy/.gradle/caches/modules-2/files-2.1/org.apache.commons/commons-compress/1.9/cc18955ff1e36d5abd39a14bfe82b19154330a34/commons-compress-1.9.jar:/Users/andreyserebryanskiy/.gradle/caches/modules-2/files-2.1/com.fasterxml.jackson.core/jackson-core/2.8.10/eb21a035c66ad307e66ec8fce37f5d50fd62d039/jackson-core-2.8.10.jar:/Users/andreyserebryanskiy/.gradle/caches/modules-2/files-2.1/com.fasterxml.jackson.core/jackson-annotations/2.8.0/45b426f7796b741035581a176744d91090e2e6fb/jackson-annotations-2.8.0.jar:/Users/andreyserebryanskiy/.gradle/caches/modules-2/files-2.1/xml-apis/xml-apis/1.4.01/3789d9fada2d3d458c4ba2de349d48780f381ee3/xml-apis-1.4.01.jar:/Users/andreyserebryanskiy/.gradle/caches/modules-2/files-2.1/ognl/ognl/3.0.8/37e1aebfde7eb7baebc9ad4f85116ef9009c5fc5/ognl-3.0.8.jar:/Users/andreyserebryanskiy/.gradle/caches/modules-2/files-2.1/org.unbescape/unbescape/1.1.0.RELEASE/ab0db4fe0a6fa89fb8da2a40008a4e63a7f3f5b9/unbescape-1.1.0.RELEASE.jar:/Users/andreyserebryanskiy/.gradle/caches/modules-2/files-2.1/org.apache.tomcat/tomcat-annotations-api/8.5.23/aaf17df9fe0240e9e9d5375d24d5f177174b73d9/tomcat-annotations-api-8.5.23.jar:/Users/andreyserebryanskiy/.gradle/caches/modules-2/files-2.1/net.minidev/json-smart/2.2.1/5b9e5df7a62d1279b70dc882b041d249c4f0b002/json-smart-2.2.1.jar:/Users/andreyserebryanskiy/.gradle/caches/modules-2/files-2.1/org.objenesis/objenesis/2.1/87c0ea803b69252868d09308b4618f766f135a96/objenesis-2.1.jar:/Users/andreyserebryanskiy/.gradle/caches/modules-2/files-2.1/com.vaadin.external.google/android-json/0.0.20131108.vaadin1/fa26d351fe62a6a17f5cda1287c1c6110dec413f/android-json-0.0.20131108.vaadin1.jar:/Users/andreyserebryanskiy/.gradle/caches/modules-2/files-2.1/commons-logging/commons-logging/1.2/4bfc12adfe4842bf07b657f0369c4cb522955686/commons-logging-1.2.jar:/Users/andreyserebryanskiy/.gradle/caches/modules-2/files-2.1/javax.validation/validation-api/1.1.0.Final/8613ae82954779d518631e05daa73a6a954817d5/validation-api-1.1.0.Final.jar:/Users/andreyserebryanskiy/.gradle/caches/modules-2/files-2.1/net.minidev/accessors-smart/1.1/a527213f2fea112a04c9bdf0ec0264e34104cd08/accessors-smart-1.1.jar:/Users/andreyserebryanskiy/.gradle/caches/modules-2/files-2.1/ch.qos.logback/logback-core/1.1.11/88b8df40340eed549fb07e2613879bf6b006704d/logback-core-1.1.11.jar:/Users/andreyserebryanskiy/.gradle/caches/modules-2/files-2.1/org.ow2.asm/asm/5.0.3/dcc2193db20e19e1feca8b1240dbbc4e190824fa/asm-5.0.3.jar, user.name=andreyserebryanskiy, java.vm.specification.version=1.8, sun.java.command=worker.org.gradle.process.internal.worker.GradleWorkerMain 'Gradle Test Executor 1', java.home=/Library/Java/JavaVirtualMachines/jdk1.8.0_131.jdk/Contents/Home/jre, sun.arch.data.model=64, user.language=en, java.specification.vendor=Oracle Corporation, awt.toolkit=sun.lwawt.macosx.LWCToolkit, java.vm.info=mixed mode, java.version=1.8.0_131, java.ext.dirs=/Users/andreyserebryanskiy/Library/Java/Extensions:/Library/Java/JavaVirtualMachines/jdk1.8.0_131.jdk/Contents/Home/jre/lib/ext:/Library/Java/Extensions:/Network/Library/Java/Extensions:/System/Library/Java/Extensions:/usr/lib/java, sun.boot.class.path=/Library/Java/JavaVirtualMachines/jdk1.8.0_131.jdk/Contents/Home/jre/lib/resources.jar:/Library/Java/JavaVirtualMachines/jdk1.8.0_131.jdk/Contents/Home/jre/lib/rt.jar:/Library/Java/JavaVirtualMachines/jdk1.8.0_131.jdk/Contents/Home/jre/lib/sunrsasign.jar:/Library/Java/JavaVirtualMachines/jdk1.8.0_131.jdk/Contents/Home/jre/lib/jsse.jar:/Library/Java/JavaVirtualMachines/jdk1.8.0_131.jdk/Contents/Home/jre/lib/jce.jar:/Library/Java/JavaVirtualMachines/jdk1.8.0_131.jdk/Contents/Home/jre/lib/charsets.jar:/Library/Java/JavaVirtualMachines/jdk1.8.0_131.jdk/Contents/Home/jre/lib/jfr.jar:/Library/Java/JavaVirtualMachines/jdk1.8.0_131.jdk/Contents/Home/jre/classes, java.vendor=Oracle Corporation, org.gradle.test.worker=1, file.separator=/, java.vendor.url.bug=http://bugreport.sun.com/bugreport/, sun.io.unicode.encoding=UnicodeBig, sun.cpu.endian=little, socksNonProxyHosts=local|*.local|169.254/16|*.169.254/16, ftp.nonProxyHosts=local|*.local|169.254/16|*.169.254/16, sun.cpu.isalist=}}, SystemEnvironmentPropertySource@759401315 {name='systemEnvironment', properties={PATH=/Library/Frameworks/Python.framework/Versions/3.6/bin:/usr/local/bin:/usr/bin:/bin:/usr/sbin:/sbin:/opt/X11/bin, JAVA_ARCH=x86_64, SHELL=/bin/bash, APP_NAME_53949=Gradle, JAVA_MAIN_CLASS_53949=org.gradle.wrapper.GradleWrapperMain, OLDPWD=/Users/andreyserebryanskiy/IdeaProjects/brief, TERM=xterm-256color, USER=andreyserebryanskiy, TMPDIR=/var/folders/mc/py5gk3hj7csbw1b0m2sk5wfr0000gn/T/, SSH_AUTH_SOCK=/private/tmp/com.apple.launchd.LXcFx9zxcb/Listeners, DISPLAY=/private/tmp/com.apple.launchd.pgG0fCoPuE/org.macosforge.xquartz:0, XPC_FLAGS=0x0, APP_ICON_53949=/Users/andreyserebryanskiy/IdeaProjects/brief/media/gradle.icns, __CF_USER_TEXT_ENCODING=0x1F5:0x0:0x0, Apple_PubSub_Socket_Render=/private/tmp/com.apple.launchd.DyLUHmxFmV/Render, com.apple.java.jvmTask=CommandLine, LOGNAME=andreyserebryanskiy, LC_CTYPE=en_US.UTF-8, XPC_SERVICE_NAME=0, PWD=/Users/andreyserebryanskiy/IdeaProjects/brief, JAVA_MAIN_CLASS_53962=worker.org.gradle.process.internal.worker.GradleWorkerMain, SHLVL=1, HOME=/Users/andreyserebryanskiy}}]
22:32:39.885 [Test worker] DEBUG org.springframework.core.io.support.PathMatchingResourcePatternResolver - Resolved classpath location [com/name/brief/repository/] to resources [URL [file:/Users/andreyserebryanskiy/IdeaProjects/brief/build/classes/java/test/com/name/brief/repository/], URL [file:/Users/andreyserebryanskiy/IdeaProjects/brief/build/classes/java/main/com/name/brief/repository/]]
22:32:39.886 [Test worker] DEBUG org.springframework.core.io.support.PathMatchingResourcePatternResolver - Looking for matching resources in directory tree [/Users/andreyserebryanskiy/IdeaProjects/brief/build/classes/java/test/com/name/brief/repository]
22:32:39.886 [Test worker] DEBUG org.springframework.core.io.support.PathMatchingResourcePatternResolver - Searching directory [/Users/andreyserebryanskiy/IdeaProjects/brief/build/classes/java/test/com/name/brief/repository] for files matching pattern [/Users/andreyserebryanskiy/IdeaProjects/brief/build/classes/java/test/com/name/brief/repository/*.class]
22:32:39.889 [Test worker] DEBUG org.springframework.core.io.support.PathMatchingResourcePatternResolver - Looking for matching resources in directory tree [/Users/andreyserebryanskiy/IdeaProjects/brief/build/classes/java/main/com/name/brief/repository]
22:32:39.890 [Test worker] DEBUG org.springframework.core.io.support.PathMatchingResourcePatternResolver - Searching directory [/Users/andreyserebryanskiy/IdeaProjects/brief/build/classes/java/main/com/name/brief/repository] for files matching pattern [/Users/andreyserebryanskiy/IdeaProjects/brief/build/classes/java/main/com/name/brief/repository/*.class]
22:32:39.891 [Test worker] DEBUG org.springframework.core.io.support.PathMatchingResourcePatternResolver - Resolved location pattern [classpath*:com/name/brief/repository/*.class] to resources [file [/Users/andreyserebryanskiy/IdeaProjects/brief/build/classes/java/test/com/name/brief/repository/GameSessionRepositoryTest$Configuration$1$1.class], file [/Users/andreyserebryanskiy/IdeaProjects/brief/build/classes/java/test/com/name/brief/repository/GameSessionRepositoryTest$Configuration$1.class], file [/Users/andreyserebryanskiy/IdeaProjects/brief/build/classes/java/test/com/name/brief/repository/GameSessionRepositoryTest$Configuration.class], file [/Users/andreyserebryanskiy/IdeaProjects/brief/build/classes/java/test/com/name/brief/repository/GameSessionRepositoryTest.class], file [/Users/andreyserebryanskiy/IdeaProjects/brief/build/classes/java/test/com/name/brief/repository/UserRepositoryTest.class], file [/Users/andreyserebryanskiy/IdeaProjects/brief/build/classes/java/main/com/name/brief/repository/GameSessionRepository.class], file [/Users/andreyserebryanskiy/IdeaProjects/brief/build/classes/java/main/com/name/brief/repository/PlayerRepository.class], file [/Users/andreyserebryanskiy/IdeaProjects/brief/build/classes/java/main/com/name/brief/repository/UserRepository.class]]
22:32:39.920 [Test worker] DEBUG org.springframework.core.io.support.PathMatchingResourcePatternResolver - Resolved classpath location [com/name/brief/] to resources [URL [file:/Users/andreyserebryanskiy/IdeaProjects/brief/build/classes/java/test/com/name/brief/], URL [file:/Users/andreyserebryanskiy/IdeaProjects/brief/build/classes/java/main/com/name/brief/]]
22:32:39.920 [Test worker] DEBUG org.springframework.core.io.support.PathMatchingResourcePatternResolver - Looking for matching resources in directory tree [/Users/andreyserebryanskiy/IdeaProjects/brief/build/classes/java/test/com/name/brief]
22:32:39.921 [Test worker] DEBUG org.springframework.core.io.support.PathMatchingResourcePatternResolver - Searching directory [/Users/andreyserebryanskiy/IdeaProjects/brief/build/classes/java/test/com/name/brief] for files matching pattern [/Users/andreyserebryanskiy/IdeaProjects/brief/build/classes/java/test/com/name/brief/*.class]
22:32:39.922 [Test worker] DEBUG org.springframework.core.io.support.PathMatchingResourcePatternResolver - Looking for matching resources in directory tree [/Users/andreyserebryanskiy/IdeaProjects/brief/build/classes/java/main/com/name/brief]
22:32:39.923 [Test worker] DEBUG org.springframework.core.io.support.PathMatchingResourcePatternResolver - Searching directory [/Users/andreyserebryanskiy/IdeaProjects/brief/build/classes/java/main/com/name/brief] for files matching pattern [/Users/andreyserebryanskiy/IdeaProjects/brief/build/classes/java/main/com/name/brief/*.class]
22:32:39.925 [Test worker] DEBUG org.springframework.core.io.support.PathMatchingResourcePatternResolver - Resolved location pattern [classpath*:com/name/brief/*.class] to resources [file [/Users/andreyserebryanskiy/IdeaProjects/brief/build/classes/java/test/com/name/brief/ApplicationTest.class], file [/Users/andreyserebryanskiy/IdeaProjects/brief/build/classes/java/test/com/name/brief/WebSecurityTest.class], file [/Users/andreyserebryanskiy/IdeaProjects/brief/build/classes/java/main/com/name/brief/Application.class], file [/Users/andreyserebryanskiy/IdeaProjects/brief/build/classes/java/main/com/name/brief/DatabaseLoader.class]]
22:32:39.952 [Test worker] DEBUG org.springframework.context.annotation.ClassPathScanningCandidateComponentProvider - Identified candidate component class: file [/Users/andreyserebryanskiy/IdeaProjects/brief/build/classes/java/main/com/name/brief/Application.class]
22:32:39.955 [Test worker] INFO org.springframework.boot.test.context.SpringBootTestContextBootstrapper - Found @SpringBootConfiguration com.name.brief.Application for test class com.name.brief.repository.GameSessionRepositoryTest
22:32:39.958 [Test worker] DEBUG org.springframework.boot.test.context.SpringBootTestContextBootstrapper - @TestExecutionListeners is not present for class [com.name.brief.repository.GameSessionRepositoryTest]: using defaults.
22:32:39.963 [Test worker] INFO org.springframework.boot.test.context.SpringBootTestContextBootstrapper - Loaded default TestExecutionListener class names from location [META-INF/spring.factories]: [org.springframework.security.test.context.support.WithSecurityContextTestExecutionListener, org.springframework.security.test.context.support.ReactorContextTestExecutionListener, org.springframework.boot.test.autoconfigure.restdocs.RestDocsTestExecutionListener, org.springframework.boot.test.autoconfigure.web.client.MockRestServiceServerResetTestExecutionListener, org.springframework.boot.test.autoconfigure.web.servlet.MockMvcPrintOnlyOnFailureTestExecutionListener, org.springframework.boot.test.autoconfigure.web.servlet.WebDriverTestExecutionListener, org.springframework.boot.test.mock.mockito.MockitoTestExecutionListener, org.springframework.boot.test.mock.mockito.ResetMocksTestExecutionListener, org.springframework.test.context.web.ServletTestExecutionListener, org.springframework.test.context.support.DirtiesContextBeforeModesTestExecutionListener, org.springframework.test.context.support.DependencyInjectionTestExecutionListener, org.springframework.test.context.support.DirtiesContextTestExecutionListener, org.springframework.test.context.transaction.TransactionalTestExecutionListener, org.springframework.test.context.jdbc.SqlScriptsTestExecutionListener]
22:32:39.992 [Test worker] INFO org.springframework.boot.test.context.SpringBootTestContextBootstrapper - Using TestExecutionListeners: [org.springframework.test.context.web.ServletTestExecutionListener@b1237b8, org.springframework.test.context.support.DirtiesContextBeforeModesTestExecutionListener@40e7baf7, org.springframework.boot.test.autoconfigure.SpringBootDependencyInjectionTestExecutionListener@7269ef13, org.springframework.test.context.support.DirtiesContextTestExecutionListener@1bf8c772, org.springframework.test.context.transaction.TransactionalTestExecutionListener@1cd9c42, org.springframework.test.context.jdbc.SqlScriptsTestExecutionListener@7c00be8e, org.springframework.security.test.context.support.WithSecurityContextTestExecutionListener@41acd76a, org.springframework.security.test.context.support.ReactorContextTestExecutionListener@1cb25b7a, org.springframework.boot.test.autoconfigure.web.servlet.WebDriverTestExecutionListener@7170fb22, org.springframework.boot.test.mock.mockito.ResetMocksTestExecutionListener@8fddf4c, org.springframework.boot.test.autoconfigure.web.servlet.MockMvcPrintOnlyOnFailureTestExecutionListener@2f4d5ebe, org.springframework.boot.test.autoconfigure.web.client.MockRestServiceServerResetTestExecutionListener@21aab9a6, org.springframework.boot.test.autoconfigure.restdocs.RestDocsTestExecutionListener@5775ef5a, org.springframework.boot.test.mock.mockito.MockitoTestExecutionListener@31144d47]
22:32:39.996 [Test worker] DEBUG org.springframework.test.annotation.ProfileValueUtils - Retrieved @ProfileValueSourceConfiguration [null] for test class [com.name.brief.repository.GameSessionRepositoryTest]
22:32:39.996 [Test worker] DEBUG org.springframework.test.annotation.ProfileValueUtils - Retrieved ProfileValueSource type [class org.springframework.test.annotation.SystemProfileValueSource] for class [com.name.brief.repository.GameSessionRepositoryTest]
22:32:39.997 [Test worker] DEBUG org.springframework.test.annotation.ProfileValueUtils - Retrieved @ProfileValueSourceConfiguration [null] for test class [com.name.brief.repository.GameSessionRepositoryTest]
22:32:39.998 [Test worker] DEBUG org.springframework.test.annotation.ProfileValueUtils - Retrieved ProfileValueSource type [class org.springframework.test.annotation.SystemProfileValueSource] for class [com.name.brief.repository.GameSessionRepositoryTest]
22:32:40.004 [Test worker] DEBUG org.springframework.test.context.support.AbstractDirtiesContextTestExecutionListener - Before test class: context [DefaultTestContext@6108f201 testClass = GameSessionRepositoryTest, testInstance = [null], testMethod = [null], testException = [null], mergedContextConfiguration = [MergedContextConfiguration@315783a4 testClass = GameSessionRepositoryTest, locations = '{}', classes = '{class com.name.brief.Application, class com.name.brief.repository.GameSessionRepositoryTest$Configuration}', contextInitializerClasses = '[]', activeProfiles = '{}', propertySourceLocations = '{}', propertySourceProperties = '{org.springframework.boot.test.context.SpringBootTestContextBootstrapper=true}', contextCustomizers = set[org.springframework.boot.test.autoconfigure.OverrideAutoConfigurationContextCustomizerFactory$DisableAutoConfigurationContextCustomizer@4a5df6d5, org.springframework.boot.test.autoconfigure.filter.TypeExcludeFiltersContextCustomizer@351584c0, org.springframework.boot.test.autoconfigure.properties.PropertyMappingContextCustomizer@6856e773, org.springframework.boot.test.autoconfigure.web.servlet.WebDriverContextCustomizerFactory$Customizer@5e593759, [ImportsContextCustomizer@5fb9139 key = [org.springframework.boot.autoconfigure.cache.CacheAutoConfiguration, org.springframework.boot.autoconfigure.data.jpa.JpaRepositoriesAutoConfiguration, org.springframework.boot.autoconfigure.flyway.FlywayAutoConfiguration, org.springframework.boot.autoconfigure.jdbc.DataSourceAutoConfiguration, org.springframework.boot.autoconfigure.jdbc.DataSourceTransactionManagerAutoConfiguration, org.springframework.boot.autoconfigure.jdbc.JdbcTemplateAutoConfiguration, org.springframework.boot.autoconfigure.liquibase.LiquibaseAutoConfiguration, org.springframework.boot.autoconfigure.orm.jpa.HibernateJpaAutoConfiguration, org.springframework.boot.autoconfigure.transaction.TransactionAutoConfiguration, org.springframework.boot.test.autoconfigure.jdbc.TestDatabaseAutoConfiguration, org.springframework.boot.test.autoconfigure.orm.jpa.TestEntityManagerAutoConfiguration]], org.springframework.boot.test.context.filter.ExcludeFilterContextCustomizer@55b17977, org.springframework.boot.test.json.DuplicateJsonObjectContextCustomizerFactory$DuplicateJsonObjectContextCustomizer@702ea2a3, org.springframework.boot.test.mock.mockito.MockitoContextCustomizer@0], contextLoader = 'org.springframework.boot.test.context.SpringBootContextLoader', parent = [null]]], class annotated with @DirtiesContext [false] with mode [null].
22:32:40.005 [Test worker] DEBUG org.springframework.test.annotation.ProfileValueUtils - Retrieved @ProfileValueSourceConfiguration [null] for test class [com.name.brief.repository.GameSessionRepositoryTest]
22:32:40.006 [Test worker] DEBUG org.springframework.test.annotation.ProfileValueUtils - Retrieved ProfileValueSource type [class org.springframework.test.annotation.SystemProfileValueSource] for class [com.name.brief.repository.GameSessionRepositoryTest]
22:32:40.007 [Test worker] DEBUG org.springframework.test.context.support.DependencyInjectionTestExecutionListener - Performing dependency injection for test context [[DefaultTestContext@6108f201 testClass = GameSessionRepositoryTest, testInstance = com.name.brief.repository.GameSessionRepositoryTest@73fd5902, testMethod = [null], testException = [null], mergedContextConfiguration = [MergedContextConfiguration@315783a4 testClass = GameSessionRepositoryTest, locations = '{}', classes = '{class com.name.brief.Application, class com.name.brief.repository.GameSessionRepositoryTest$Configuration}', contextInitializerClasses = '[]', activeProfiles = '{}', propertySourceLocations = '{}', propertySourceProperties = '{org.springframework.boot.test.context.SpringBootTestContextBootstrapper=true}', contextCustomizers = set[org.springframework.boot.test.autoconfigure.OverrideAutoConfigurationContextCustomizerFactory$DisableAutoConfigurationContextCustomizer@4a5df6d5, org.springframework.boot.test.autoconfigure.filter.TypeExcludeFiltersContextCustomizer@351584c0, org.springframework.boot.test.autoconfigure.properties.PropertyMappingContextCustomizer@6856e773, org.springframework.boot.test.autoconfigure.web.servlet.WebDriverContextCustomizerFactory$Customizer@5e593759, [ImportsContextCustomizer@5fb9139 key = [org.springframework.boot.autoconfigure.cache.CacheAutoConfiguration, org.springframework.boot.autoconfigure.data.jpa.JpaRepositoriesAutoConfiguration, org.springframework.boot.autoconfigure.flyway.FlywayAutoConfiguration, org.springframework.boot.autoconfigure.jdbc.DataSourceAutoConfiguration, org.springframework.boot.autoconfigure.jdbc.DataSourceTransactionManagerAutoConfiguration, org.springframework.boot.autoconfigure.jdbc.JdbcTemplateAutoConfiguration, org.springframework.boot.autoconfigure.liquibase.LiquibaseAutoConfiguration, org.springframework.boot.autoconfigure.orm.jpa.HibernateJpaAutoConfiguration, org.springframework.boot.autoconfigure.transaction.TransactionAutoConfiguration, org.springframework.boot.test.autoconfigure.jdbc.TestDatabaseAutoConfiguration, org.springframework.boot.test.autoconfigure.orm.jpa.TestEntityManagerAutoConfiguration]], org.springframework.boot.test.context.filter.ExcludeFilterContextCustomizer@55b17977, org.springframework.boot.test.json.DuplicateJsonObjectContextCustomizerFactory$DuplicateJsonObjectContextCustomizer@702ea2a3, org.springframework.boot.test.mock.mockito.MockitoContextCustomizer@0], contextLoader = 'org.springframework.boot.test.context.SpringBootContextLoader', parent = [null]]]].
22:32:40.091 [Test worker] DEBUG org.springframework.core.env.StandardEnvironment - Adding PropertySource 'systemProperties' with lowest search precedence
22:32:40.091 [Test worker] DEBUG org.springframework.core.env.StandardEnvironment - Adding PropertySource 'systemEnvironment' with lowest search precedence
22:32:40.092 [Test worker] DEBUG org.springframework.core.env.StandardEnvironment - Initialized StandardEnvironment with PropertySources [MapPropertySource@1115099092 {name='systemProperties', properties={java.runtime.name=Java(TM) SE Runtime Environment, sun.boot.library.path=/Library/Java/JavaVirtualMachines/jdk1.8.0_131.jdk/Contents/Home/jre/lib, java.vm.version=25.131-b11, gopherProxySet=false, java.vm.vendor=Oracle Corporation, java.vendor.url=http://java.oracle.com/, path.separator=:, java.vm.name=Java HotSpot(TM) 64-Bit Server VM, file.encoding.pkg=sun.io, sun.java.launcher=SUN_STANDARD, user.country=US, sun.os.patch.level=unknown, java.vm.specification.name=Java Virtual Machine Specification, user.dir=/Users/andreyserebryanskiy/IdeaProjects/brief, java.runtime.version=1.8.0_131-b11, java.awt.graphicsenv=sun.awt.CGraphicsEnvironment, java.endorsed.dirs=/Library/Java/JavaVirtualMachines/jdk1.8.0_131.jdk/Contents/Home/jre/lib/endorsed, os.arch=x86_64, java.io.tmpdir=/var/folders/mc/py5gk3hj7csbw1b0m2sk5wfr0000gn/T/, line.separator=
, java.vm.specification.vendor=Oracle Corporation, user.variant=, os.name=Mac OS X, sun.jnu.encoding=UTF-8, java.library.path=/Users/andreyserebryanskiy/Library/Java/Extensions:/Library/Java/Extensions:/Network/Library/Java/Extensions:/System/Library/Java/Extensions:/usr/lib/java:., java.specification.name=Java Platform API Specification, java.class.version=52.0, org.gradle.native=false, sun.management.compiler=HotSpot 64-Bit Tiered Compilers, os.version=10.13.3, http.nonProxyHosts=local|*.local|169.254/16|*.169.254/16, user.home=/Users/andreyserebryanskiy, user.timezone=Europe/Moscow, java.awt.printerjob=sun.lwawt.macosx.CPrinterJob, file.encoding=UTF-8, java.specification.version=1.8, java.class.path=/Users/andreyserebryanskiy/IdeaProjects/brief/build/classes/java/test:/Users/andreyserebryanskiy/IdeaProjects/brief/build/resources/test:/Users/andreyserebryanskiy/IdeaProjects/brief/build/classes/java/main:/Users/andreyserebryanskiy/IdeaProjects/brief/build/resources/main:/Users/andreyserebryanskiy/.gradle/caches/modules-2/files-2.1/org.springframework.boot/spring-boot-devtools/1.5.9.RELEASE/8908280f33c65ffa21789020e7a37d46a798d445/spring-boot-devtools-1.5.9.RELEASE.jar:/Users/andreyserebryanskiy/.gradle/caches/modules-2/files-2.1/org.springframework.boot/spring-boot-starter-thymeleaf/1.5.9.RELEASE/f1a07e590d7742b7c57367ba23a3c0eecb491d48/spring-boot-starter-thymeleaf-1.5.9.RELEASE.jar:/Users/andreyserebryanskiy/.gradle/caches/modules-2/files-2.1/org.springframework.boot/spring-boot-starter-data-jpa/1.5.9.RELEASE/8628320876aa12cc406216523effe954fbd354c0/spring-boot-starter-data-jpa-1.5.9.RELEASE.jar:/Users/andreyserebryanskiy/.gradle/caches/modules-2/files-2.1/org.springframework.boot/spring-boot-starter-security/1.5.9.RELEASE/f6ee3598d26440007927c67371406f2433c13e2d/spring-boot-starter-security-1.5.9.RELEASE.jar:/Users/andreyserebryanskiy/.gradle/caches/modules-2/files-2.1/org.springframework.boot/spring-boot-starter-websocket/1.5.9.RELEASE/f0992aaf939945f3a492847900de7d85b6addf5a/spring-boot-starter-websocket-1.5.9.RELEASE.jar:/Users/andreyserebryanskiy/.gradle/caches/modules-2/files-2.1/org.webjars/webjars-locator/0.32-1/89f6c5d22d001aff4aaa4853bb9617207127ea62/webjars-locator-0.32-1.jar:/Users/andreyserebryanskiy/.gradle/caches/modules-2/files-2.1/org.webjars/sockjs-client/1.0.2/38abdad784d10a7fd9e25af81bdf47016e8ee50d/sockjs-client-1.0.2.jar:/Users/andreyserebryanskiy/.gradle/caches/modules-2/files-2.1/org.webjars/stomp-websocket/2.3.3/3ac153b386f7945bc756709df3d171105e8fd2d5/stomp-websocket-2.3.3.jar:/Users/andreyserebryanskiy/.gradle/caches/modules-2/files-2.1/org.hibernate/hibernate-entitymanager/5.2.13.Final/cdef4ec0e1c9739942fbd16bb6b355d5fb804fba/hibernate-entitymanager-5.2.13.Final.jar:/Users/andreyserebryanskiy/.gradle/caches/modules-2/files-2.1/org.hibernate/hibernate-java8/5.2.13.Final/f0479f348b1ce3a56073fc08d3a108c3af20ed0b/hibernate-java8-5.2.13.Final.jar:/Users/andreyserebryanskiy/.gradle/caches/modules-2/files-2.1/org.hibernate/hibernate-core/5.2.13.Final/830492a74b3013ef75135ea4120b2ac23fa7ad9f/hibernate-core-5.2.13.Final.jar:/Users/andreyserebryanskiy/.gradle/caches/modules-2/files-2.1/org.apache.tomcat/tomcat-dbcp/8.0.30/561d21fd8b659c7738e64aea1fba35b700fdf5e4/tomcat-dbcp-8.0.30.jar:/Users/andreyserebryanskiy/.gradle/caches/modules-2/files-2.1/org.projectlombok/lombok/1.16.20/ac76d9b956045631d1561a09289cbf472e077c01/lombok-1.16.20.jar:/Users/andreyserebryanskiy/.gradle/caches/modules-2/files-2.1/net.sourceforge.nekohtml/nekohtml/1.9.21/6841b177ab20385a9e9e0c83be3bf8711a6bc5e4/nekohtml-1.9.21.jar:/Users/andreyserebryanskiy/.gradle/caches/modules-2/files-2.1/org.thymeleaf.extras/thymeleaf-extras-springsecurity4/2.1.2.RELEASE/f25ce1dcf58ac07f2d80354268c42de11fc484fc/thymeleaf-extras-springsecurity4-2.1.2.RELEASE.jar:/Users/andreyserebryanskiy/.gradle/caches/modules-2/files-2.1/org.thymeleaf.extras/thymeleaf-extras-java8time/2.1.0.RELEASE/e04e378cad4db60acca478954da6a48388201cc1/thymeleaf-extras-java8time-2.1.0.RELEASE.jar:/Users/andreyserebryanskiy/.gradle/caches/modules-2/files-2.1/org.springframework.boot/spring-boot-starter-web/1.5.9.RELEASE/bda9733d5e6ba6d1a97deead1738713dc0631b3e/spring-boot-starter-web-1.5.9.RELEASE.jar:/Users/andreyserebryanskiy/.gradle/caches/modules-2/files-2.1/org.springframework.boot/spring-boot-starter-tomcat/1.5.9.RELEASE/4615056f8a2bcad03ba8cdf410419ee3d101c5bb/spring-boot-starter-tomcat-1.5.9.RELEASE.jar:/Users/andreyserebryanskiy/.gradle/caches/modules-2/files-2.1/com.h2database/h2/1.4.196/dd0034398d593aa3588c6773faac429bbd9aea0e/h2-1.4.196.jar:/Users/andreyserebryanskiy/.gradle/caches/modules-2/files-2.1/javax.transaction/jta/1.1/2ca09f0b36ca7d71b762e14ea2ff09d5eac57558/jta-1.1.jar:/Users/andreyserebryanskiy/.gradle/caches/modules-2/files-2.1/org.springframework.boot/spring-boot-starter-aop/1.5.9.RELEASE/fab419df8d7a13968a51ebfcbcad7ef320d66184/spring-boot-starter-aop-1.5.9.RELEASE.jar:/Users/andreyserebryanskiy/.gradle/caches/modules-2/files-2.1/org.springframework/spring-aspects/4.3.13.RELEASE/c91788e6b7c431379d0f7fe5f85f427d7e3f01ae/spring-aspects-4.3.13.RELEASE.jar:/Users/andreyserebryanskiy/.gradle/caches/modules-2/files-2.1/org.aspectj/aspectjweaver/1.8.7/f753e78bbe484e58b3b4e5ce3cc1751e50d11f6c/aspectjweaver-1.8.7.jar:/Users/andreyserebryanskiy/.gradle/caches/modules-2/files-2.1/org.springframework.boot/spring-boot-starter-test/1.5.9.RELEASE/b5adf6fbf53be00b7ae52f657d564122edbe5156/spring-boot-starter-test-1.5.9.RELEASE.jar:/Users/andreyserebryanskiy/.gradle/caches/modules-2/files-2.1/junit/junit/4.12/2973d150c0dc1fefe998f834810d68f278ea58ec/junit-4.12.jar:/Users/andreyserebryanskiy/.gradle/caches/modules-2/files-2.1/org.hamcrest/hamcrest-all/1.3/63a21ebc981131004ad02e0434e799fd7f3a8d5a/hamcrest-all-1.3.jar:/Users/andreyserebryanskiy/.gradle/caches/modules-2/files-2.1/org.springframework.security/spring-security-test/5.0.1.RELEASE/3487637b60d592dca2d5e933941749b81de84d56/spring-security-test-5.0.1.RELEASE.jar:/Users/andreyserebryanskiy/.gradle/caches/modules-2/files-2.1/org.springframework.boot/spring-boot-starter-jdbc/1.5.9.RELEASE/6769ecea55e952afb64f17975638c5afd1e59ef3/spring-boot-starter-jdbc-1.5.9.RELEASE.jar:/Users/andreyserebryanskiy/.gradle/caches/modules-2/files-2.1/org.springframework.boot/spring-boot-starter/1.5.9.RELEASE/6bfb34db2715ee86c6e2337fa145650588b4b1b3/spring-boot-starter-1.5.9.RELEASE.jar:/Users/andreyserebryanskiy/.gradle/caches/modules-2/files-2.1/org.springframework.boot/spring-boot-test-autoconfigure/1.5.9.RELEASE/b428495e25b0531b2a977f51c5d29011c817b8ee/spring-boot-test-autoconfigure-1.5.9.RELEASE.jar:/Users/andreyserebryanskiy/.gradle/caches/modules-2/files-2.1/org.springframework.boot/spring-boot-autoconfigure/1.5.9.RELEASE/88dd18bdaf317ae40971573a051fd47265f2ed39/spring-boot-autoconfigure-1.5.9.RELEASE.jar:/Users/andreyserebryanskiy/.gradle/caches/modules-2/files-2.1/org.springframework.boot/spring-boot-test/1.5.9.RELEASE/7e604d56325f04a8b89a280e647746fc69e5a21f/spring-boot-test-1.5.9.RELEASE.jar:/Users/andreyserebryanskiy/.gradle/caches/modules-2/files-2.1/org.springframework.boot/spring-boot/1.5.9.RELEASE/f472cdf948288796fb31e0bb03f6e7b022b763a0/spring-boot-1.5.9.RELEASE.jar:/Users/andreyserebryanskiy/.gradle/caches/modules-2/files-2.1/org.thymeleaf/thymeleaf-spring4/2.1.6.RELEASE/a18784dab5e9337a53ce3213b205f927217849f2/thymeleaf-spring4-2.1.6.RELEASE.jar:/Users/andreyserebryanskiy/.gradle/caches/modules-2/files-2.1/nz.net.ultraq.thymeleaf/thymeleaf-layout-dialect/1.4.0/8d7810c069ed1534b9631fb1e85c35973546086/thymeleaf-layout-dialect-1.4.0.jar:/Users/andreyserebryanskiy/.gradle/caches/modules-2/files-2.1/javax.transaction/javax.transaction-api/1.2/d81aff979d603edd90dcd8db2abc1f4ce6479e3e/javax.transaction-api-1.2.jar:/Users/andreyserebryanskiy/.gradle/caches/modules-2/files-2.1/org.springframework.data/spring-data-jpa/1.11.9.RELEASE/64c80f12361d5b74cf98a3433b59a5c961d78d38/spring-data-jpa-1.11.9.RELEASE.jar:/Users/andreyserebryanskiy/.gradle/caches/modules-2/files-2.1/org.springframework.security/spring-security-config/4.2.3.RELEASE/9f3771903616e33521836fd999d63efbfebf90d/spring-security-config-4.2.3.RELEASE.jar:/Users/andreyserebryanskiy/.gradle/caches/modules-2/files-2.1/org.springframework.security/spring-security-web/4.2.3.RELEASE/7a03e737484ca232d7146852f06d067ac21427ac/spring-security-web-4.2.3.RELEASE.jar:/Users/andreyserebryanskiy/.gradle/caches/modules-2/files-2.1/org.springframework.security/spring-security-core/4.2.3.RELEASE/5c0e47a47036c94d6fdd02696bf52be6d1adbd4d/spring-security-core-4.2.3.RELEASE.jar:/Users/andreyserebryanskiy/.gradle/caches/modules-2/files-2.1/org.springframework/spring-messaging/4.3.13.RELEASE/3fa46fb53bc2a86d23e2aa0b5ba7974196a98621/spring-messaging-4.3.13.RELEASE.jar:/Users/andreyserebryanskiy/.gradle/caches/modules-2/files-2.1/org.springframework/spring-websocket/4.3.13.RELEASE/1e97933cfe7947a8aa7e02f93a97bc76428310d7/spring-websocket-4.3.13.RELEASE.jar:/Users/andreyserebryanskiy/.gradle/caches/modules-2/files-2.1/org.springframework/spring-webmvc/4.3.13.RELEASE/87a095c7a1d13fe433ae6712787238c1dbaa6919/spring-webmvc-4.3.13.RELEASE.jar:/Users/andreyserebryanskiy/.gradle/caches/modules-2/files-2.1/org.springframework/spring-web/4.3.13.RELEASE/7cd084992d546165ede3e99bc31ee49c937f0ce7/spring-web-4.3.13.RELEASE.jar:/Users/andreyserebryanskiy/.gradle/caches/modules-2/files-2.1/org.springframework/spring-context/4.3.13.RELEASE/6ab1c189a13182fa3256f6bbc68fafdaf8f5a19e/spring-context-4.3.13.RELEASE.jar:/Users/andreyserebryanskiy/.gradle/caches/modules-2/files-2.1/org.springframework/spring-aop/4.3.13.RELEASE/61f427b55951f59b50f3c2bd0de3c48960e2a342/spring-aop-4.3.13.RELEASE.jar:/Users/andreyserebryanskiy/.gradle/caches/modules-2/files-2.1/org.webjars/webjars-locator-core/0.32/4e45393c4f366a5bf3e63ec72b726fd57942ca47/webjars-locator-core-0.32.jar:/Users/andreyserebryanskiy/.gradle/caches/modules-2/files-2.1/com.fasterxml.jackson.core/jackson-databind/2.8.10/f7b83cb2bc4b88d53961e749e1ad32f49ef017b7/jackson-databind-2.8.10.jar:/Users/andreyserebryanskiy/.gradle/caches/modules-2/files-2.1/org.hibernate.common/hibernate-commons-annotations/5.0.1.Final/71e1cff3fcb20d3b3af4f3363c3ddb24d33c6879/hibernate-commons-annotations-5.0.1.Final.jar:/Users/andreyserebryanskiy/.gradle/caches/modules-2/files-2.1/org.hibernate/hibernate-validator/5.3.6.Final/4c730be8bf55a8e9a61e79a2f2c079abf48b718/hibernate-validator-5.3.6.Final.jar:/Users/andreyserebryanskiy/.gradle/caches/modules-2/files-2.1/org.jboss.logging/jboss-logging/3.3.1.Final/c46217ab74b532568c0ed31dc599db3048bd1b67/jboss-logging-3.3.1.Final.jar:/Users/andreyserebryanskiy/.gradle/caches/modules-2/files-2.1/org.hibernate.javax.persistence/hibernate-jpa-2.1-api/1.0.0.Final/5e731d961297e5a07290bfaf3db1fbc8bbbf405a/hibernate-jpa-2.1-api-1.0.0.Final.jar:/Users/andreyserebryanskiy/.gradle/caches/modules-2/files-2.1/org.thymeleaf/thymeleaf/2.1.6.RELEASE/c362b4ecbeddc86a0cb7e767a88ce27e9c8147e6/thymeleaf-2.1.6.RELEASE.jar:/Users/andreyserebryanskiy/.gradle/caches/modules-2/files-2.1/org.javassist/javassist/3.21.0-GA/598244f595db5c5fb713731eddbb1c91a58d959b/javassist-3.21.0-GA.jar:/Users/andreyserebryanskiy/.gradle/caches/modules-2/files-2.1/antlr/antlr/2.7.7/83cd2cd674a217ade95a4bb83a8a14f351f48bd0/antlr-2.7.7.jar:/Users/andreyserebryanskiy/.gradle/caches/modules-2/files-2.1/org.jboss.spec.javax.transaction/jboss-transaction-api_1.2_spec/1.0.1.Final/4441f144a2a1f46ed48fcc6b476a4b6295e6d524/jboss-transaction-api_1.2_spec-1.0.1.Final.jar:/Users/andreyserebryanskiy/.gradle/caches/modules-2/files-2.1/org.jboss/jandex/2.0.3.Final/bfc4d6257dbff7a33a357f0de116be6ff951d849/jandex-2.0.3.Final.jar:/Users/andreyserebryanskiy/.gradle/caches/modules-2/files-2.1/com.fasterxml/classmate/1.3.4/3d5f48f10bbe4eb7bd862f10c0583be2e0053c6/classmate-1.3.4.jar:/Users/andreyserebryanskiy/.gradle/caches/modules-2/files-2.1/dom4j/dom4j/1.6.1/5d3ccc056b6f056dbf0dddfdf43894b9065a8f94/dom4j-1.6.1.jar:/Users/andreyserebryanskiy/.gradle/caches/modules-2/files-2.1/net.bytebuddy/byte-buddy/1.6.14/871c3e49dc6183d0d361601c2f1d11abb1a6b48c/byte-buddy-1.6.14.jar:/Users/andreyserebryanskiy/.gradle/caches/modules-2/files-2.1/org.apache.tomcat/tomcat-jdbc/8.5.23/6036400a8f2d90dd3ae3a4d09e5136c56002887b/tomcat-jdbc-8.5.23.jar:/Users/andreyserebryanskiy/.gradle/caches/modules-2/files-2.1/org.apache.tomcat/tomcat-juli/8.5.23/98e7f0610b7b2fb8303f11be0210e3f5a56a7d55/tomcat-juli-8.5.23.jar:/Users/andreyserebryanskiy/.gradle/caches/modules-2/files-2.1/xerces/xercesImpl/2.10.0/9161654d2afe7f9063455f02ccca8e4ec2787222/xercesImpl-2.10.0.jar:/Users/andreyserebryanskiy/.gradle/caches/modules-2/files-2.1/com.jayway.jsonpath/json-path/2.2.0/22290d17944bd239fabf5ac69005a60a7ecbbbcb/json-path-2.2.0.jar:/Users/andreyserebryanskiy/.gradle/caches/modules-2/files-2.1/org.springframework.data/spring-data-commons/1.13.9.RELEASE/3910a598235d2e9c1ca56f34c5e62bb5ce23778/spring-data-commons-1.13.9.RELEASE.jar:/Users/andreyserebryanskiy/.gradle/caches/modules-2/files-2.1/org.springframework.boot/spring-boot-starter-logging/1.5.9.RELEASE/30fd62a1ce9639759d90d49608501082314c1628/spring-boot-starter-logging-1.5.9.RELEASE.jar:/Users/andreyserebryanskiy/.gradle/caches/modules-2/files-2.1/org.slf4j/jcl-over-slf4j/1.7.25/f8c32b13ff142a513eeb5b6330b1588dcb2c0461/jcl-over-slf4j-1.7.25.jar:/Users/andreyserebryanskiy/.gradle/caches/modules-2/files-2.1/ch.qos.logback/logback-classic/1.1.11/ccedfbacef4a6515d2983e3f89ed753d5d4fb665/logback-classic-1.1.11.jar:/Users/andreyserebryanskiy/.gradle/caches/modules-2/files-2.1/org.slf4j/jul-to-slf4j/1.7.25/af5364cd6679bfffb114f0dec8a157aaa283b76/jul-to-slf4j-1.7.25.jar:/Users/andreyserebryanskiy/.gradle/caches/modules-2/files-2.1/org.slf4j/log4j-over-slf4j/1.7.25/a87bb47468f47ee7aabbd54f93e133d4215769c3/log4j-over-slf4j-1.7.25.jar:/Users/andreyserebryanskiy/.gradle/caches/modules-2/files-2.1/org.slf4j/slf4j-api/1.7.25/da76ca59f6a57ee3102f8f9bd9cee742973efa8a/slf4j-api-1.7.25.jar:/Users/andreyserebryanskiy/.gradle/caches/modules-2/files-2.1/org.apache.tomcat.embed/tomcat-embed-websocket/8.5.23/52f07abcae10dc7e1764304b0877def175c2c833/tomcat-embed-websocket-8.5.23.jar:/Users/andreyserebryanskiy/.gradle/caches/modules-2/files-2.1/org.apache.tomcat.embed/tomcat-embed-core/8.5.23/79261793a47f507890ee08f749b9d81774e4f7f0/tomcat-embed-core-8.5.23.jar:/Users/andreyserebryanskiy/.gradle/caches/modules-2/files-2.1/org.apache.tomcat.embed/tomcat-embed-el/8.5.23/98d979cde444dffa6d434c8377d0123b2dfa614c/tomcat-embed-el-8.5.23.jar:/Users/andreyserebryanskiy/.gradle/caches/modules-2/files-2.1/org.mockito/mockito-core/1.10.19/e8546f5bef4e061d8dd73895b4e8f40e3fe6effe/mockito-core-1.10.19.jar:/Users/andreyserebryanskiy/.gradle/caches/modules-2/files-2.1/org.hamcrest/hamcrest-library/1.3/4785a3c21320980282f9f33d0d1264a69040538f/hamcrest-library-1.3.jar:/Users/andreyserebryanskiy/.gradle/caches/modules-2/files-2.1/org.hamcrest/hamcrest-core/1.3/42a25dc3219429f0e5d060061f71acb49bf010a0/hamcrest-core-1.3.jar:/Users/andreyserebryanskiy/.gradle/caches/modules-2/files-2.1/org.assertj/assertj-core/2.6.0/b532c3fc4f66bcfee4989a3514f1cd56203a33ad/assertj-core-2.6.0.jar:/Users/andreyserebryanskiy/.gradle/caches/modules-2/files-2.1/org.skyscreamer/jsonassert/1.4.0/9cdbb373a06f6513e51e8c545ee6a5e981463edb/jsonassert-1.4.0.jar:/Users/andreyserebryanskiy/.gradle/caches/modules-2/files-2.1/org.springframework/spring-test/4.3.13.RELEASE/f4ff71b0d628d37f334d4f1f197c1b8cea364d01/spring-test-4.3.13.RELEASE.jar:/Users/andreyserebryanskiy/.gradle/caches/modules-2/files-2.1/org.springframework/spring-orm/4.3.13.RELEASE/382d3ce044204947f8f2b3fa67a665d4e2bd346f/spring-orm-4.3.13.RELEASE.jar:/Users/andreyserebryanskiy/.gradle/caches/modules-2/files-2.1/org.springframework/spring-jdbc/4.3.13.RELEASE/68e95c2a065641559c7dab7b605bc5847ab026ad/spring-jdbc-4.3.13.RELEASE.jar:/Users/andreyserebryanskiy/.gradle/caches/modules-2/files-2.1/org.springframework/spring-tx/4.3.13.RELEASE/6ebf7b3f2099fa884038d9d7bd44817ebd9c5b4a/spring-tx-4.3.13.RELEASE.jar:/Users/andreyserebryanskiy/.gradle/caches/modules-2/files-2.1/org.springframework/spring-beans/4.3.13.RELEASE/8613a7077722f1d97f8cb3fea4b0b40bfadf4496/spring-beans-4.3.13.RELEASE.jar:/Users/andreyserebryanskiy/.gradle/caches/modules-2/files-2.1/org.springframework/spring-expression/4.3.13.RELEASE/da22bf7df1262e429b49653be6cd5b89b6affe5e/spring-expression-4.3.13.RELEASE.jar:/Users/andreyserebryanskiy/.gradle/caches/modules-2/files-2.1/org.springframework/spring-core/4.3.13.RELEASE/eea18d7f4d01f1baa1b6728b678b5a6fe23c61f6/spring-core-4.3.13.RELEASE.jar:/Users/andreyserebryanskiy/.gradle/caches/modules-2/files-2.1/org.yaml/snakeyaml/1.17/7a27ea250c5130b2922b86dea63cbb1cc10a660c/snakeyaml-1.17.jar:/Users/andreyserebryanskiy/.gradle/caches/modules-2/files-2.1/org.codehaus.groovy/groovy/2.4.13/de7b73bed517fa1323aab391b719b59c3702391a/groovy-2.4.13.jar:/Users/andreyserebryanskiy/.gradle/caches/modules-2/files-2.1/aopalliance/aopalliance/1.0/235ba8b489512805ac13a8f9ea77a1ca5ebe3e8/aopalliance-1.0.jar:/Users/andreyserebryanskiy/.gradle/caches/modules-2/files-2.1/org.apache.commons/commons-lang3/3.1/905075e6c80f206bbe6cf1e809d2caa69f420c76/commons-lang3-3.1.jar:/Users/andreyserebryanskiy/.gradle/caches/modules-2/files-2.1/org.apache.commons/commons-compress/1.9/cc18955ff1e36d5abd39a14bfe82b19154330a34/commons-compress-1.9.jar:/Users/andreyserebryanskiy/.gradle/caches/modules-2/files-2.1/com.fasterxml.jackson.core/jackson-core/2.8.10/eb21a035c66ad307e66ec8fce37f5d50fd62d039/jackson-core-2.8.10.jar:/Users/andreyserebryanskiy/.gradle/caches/modules-2/files-2.1/com.fasterxml.jackson.core/jackson-annotations/2.8.0/45b426f7796b741035581a176744d91090e2e6fb/jackson-annotations-2.8.0.jar:/Users/andreyserebryanskiy/.gradle/caches/modules-2/files-2.1/xml-apis/xml-apis/1.4.01/3789d9fada2d3d458c4ba2de349d48780f381ee3/xml-apis-1.4.01.jar:/Users/andreyserebryanskiy/.gradle/caches/modules-2/files-2.1/ognl/ognl/3.0.8/37e1aebfde7eb7baebc9ad4f85116ef9009c5fc5/ognl-3.0.8.jar:/Users/andreyserebryanskiy/.gradle/caches/modules-2/files-2.1/org.unbescape/unbescape/1.1.0.RELEASE/ab0db4fe0a6fa89fb8da2a40008a4e63a7f3f5b9/unbescape-1.1.0.RELEASE.jar:/Users/andreyserebryanskiy/.gradle/caches/modules-2/files-2.1/org.apache.tomcat/tomcat-annotations-api/8.5.23/aaf17df9fe0240e9e9d5375d24d5f177174b73d9/tomcat-annotations-api-8.5.23.jar:/Users/andreyserebryanskiy/.gradle/caches/modules-2/files-2.1/net.minidev/json-smart/2.2.1/5b9e5df7a62d1279b70dc882b041d249c4f0b002/json-smart-2.2.1.jar:/Users/andreyserebryanskiy/.gradle/caches/modules-2/files-2.1/org.objenesis/objenesis/2.1/87c0ea803b69252868d09308b4618f766f135a96/objenesis-2.1.jar:/Users/andreyserebryanskiy/.gradle/caches/modules-2/files-2.1/com.vaadin.external.google/android-json/0.0.20131108.vaadin1/fa26d351fe62a6a17f5cda1287c1c6110dec413f/android-json-0.0.20131108.vaadin1.jar:/Users/andreyserebryanskiy/.gradle/caches/modules-2/files-2.1/commons-logging/commons-logging/1.2/4bfc12adfe4842bf07b657f0369c4cb522955686/commons-logging-1.2.jar:/Users/andreyserebryanskiy/.gradle/caches/modules-2/files-2.1/javax.validation/validation-api/1.1.0.Final/8613ae82954779d518631e05daa73a6a954817d5/validation-api-1.1.0.Final.jar:/Users/andreyserebryanskiy/.gradle/caches/modules-2/files-2.1/net.minidev/accessors-smart/1.1/a527213f2fea112a04c9bdf0ec0264e34104cd08/accessors-smart-1.1.jar:/Users/andreyserebryanskiy/.gradle/caches/modules-2/files-2.1/ch.qos.logback/logback-core/1.1.11/88b8df40340eed549fb07e2613879bf6b006704d/logback-core-1.1.11.jar:/Users/andreyserebryanskiy/.gradle/caches/modules-2/files-2.1/org.ow2.asm/asm/5.0.3/dcc2193db20e19e1feca8b1240dbbc4e190824fa/asm-5.0.3.jar, user.name=andreyserebryanskiy, java.vm.specification.version=1.8, sun.java.command=worker.org.gradle.process.internal.worker.GradleWorkerMain 'Gradle Test Executor 1', java.home=/Library/Java/JavaVirtualMachines/jdk1.8.0_131.jdk/Contents/Home/jre, sun.arch.data.model=64, user.language=en, java.specification.vendor=Oracle Corporation, awt.toolkit=sun.lwawt.macosx.LWCToolkit, java.vm.info=mixed mode, java.version=1.8.0_131, java.ext.dirs=/Users/andreyserebryanskiy/Library/Java/Extensions:/Library/Java/JavaVirtualMachines/jdk1.8.0_131.jdk/Contents/Home/jre/lib/ext:/Library/Java/Extensions:/Network/Library/Java/Extensions:/System/Library/Java/Extensions:/usr/lib/java, sun.boot.class.path=/Library/Java/JavaVirtualMachines/jdk1.8.0_131.jdk/Contents/Home/jre/lib/resources.jar:/Library/Java/JavaVirtualMachines/jdk1.8.0_131.jdk/Contents/Home/jre/lib/rt.jar:/Library/Java/JavaVirtualMachines/jdk1.8.0_131.jdk/Contents/Home/jre/lib/sunrsasign.jar:/Library/Java/JavaVirtualMachines/jdk1.8.0_131.jdk/Contents/Home/jre/lib/jsse.jar:/Library/Java/JavaVirtualMachines/jdk1.8.0_131.jdk/Contents/Home/jre/lib/jce.jar:/Library/Java/JavaVirtualMachines/jdk1.8.0_131.jdk/Contents/Home/jre/lib/charsets.jar:/Library/Java/JavaVirtualMachines/jdk1.8.0_131.jdk/Contents/Home/jre/lib/jfr.jar:/Library/Java/JavaVirtualMachines/jdk1.8.0_131.jdk/Contents/Home/jre/classes, java.vendor=Oracle Corporation, org.gradle.test.worker=1, file.separator=/, java.vendor.url.bug=http://bugreport.sun.com/bugreport/, sun.io.unicode.encoding=UnicodeBig, sun.cpu.endian=little, socksNonProxyHosts=local|*.local|169.254/16|*.169.254/16, ftp.nonProxyHosts=local|*.local|169.254/16|*.169.254/16, sun.cpu.isalist=}}, SystemEnvironmentPropertySource@458953781 {name='systemEnvironment', properties={PATH=/Library/Frameworks/Python.framework/Versions/3.6/bin:/usr/local/bin:/usr/bin:/bin:/usr/sbin:/sbin:/opt/X11/bin, JAVA_ARCH=x86_64, SHELL=/bin/bash, APP_NAME_53949=Gradle, JAVA_MAIN_CLASS_53949=org.gradle.wrapper.GradleWrapperMain, OLDPWD=/Users/andreyserebryanskiy/IdeaProjects/brief, TERM=xterm-256color, USER=andreyserebryanskiy, TMPDIR=/var/folders/mc/py5gk3hj7csbw1b0m2sk5wfr0000gn/T/, SSH_AUTH_SOCK=/private/tmp/com.apple.launchd.LXcFx9zxcb/Listeners, DISPLAY=/private/tmp/com.apple.launchd.pgG0fCoPuE/org.macosforge.xquartz:0, XPC_FLAGS=0x0, APP_ICON_53949=/Users/andreyserebryanskiy/IdeaProjects/brief/media/gradle.icns, __CF_USER_TEXT_ENCODING=0x1F5:0x0:0x0, Apple_PubSub_Socket_Render=/private/tmp/com.apple.launchd.DyLUHmxFmV/Render, com.apple.java.jvmTask=CommandLine, LOGNAME=andreyserebryanskiy, LC_CTYPE=en_US.UTF-8, XPC_SERVICE_NAME=0, PWD=/Users/andreyserebryanskiy/IdeaProjects/brief, JAVA_MAIN_CLASS_53962=worker.org.gradle.process.internal.worker.GradleWorkerMain, SHLVL=1, HOME=/Users/andreyserebryanskiy}}]
22:32:40.096 [Test worker] DEBUG org.springframework.core.env.MutablePropertySources - Adding PropertySource 'inline' with highest search precedence
22:32:40.102 [Test worker] DEBUG org.springframework.test.context.support.TestPropertySourceUtils - Adding inlined properties to environment: {spring.jmx.enabled=false, org.springframework.boot.test.context.SpringBootTestContextBootstrapper=true, server.port=-1}
22:32:40.103 [Test worker] DEBUG org.springframework.core.env.StandardEnvironment - Adding PropertySource 'Inlined Test Properties' with highest search precedence

  .   ____          _            __ _ _
 /\\ / ___'_ __ _ _(_)_ __  __ _ \ \ \ \
( ( )\___ | '_ | '_| | '_ \/ _` | \ \ \ \
 \\/  ___)| |_)| | | | | || (_| |  ) ) ) )
  '  |____| .__|_| |_|_| |_\__, | / / / /
 =========|_|==============|___/=/_/_/_/
 :: Spring Boot ::        (v1.5.9.RELEASE)

2018-03-12 22:32:40.564  INFO 53962 --- [    Test worker] c.n.b.r.GameSessionRepositoryTest        : Starting GameSessionRepositoryTest on MBP-Andrey with PID 53962 (started by andreyserebryanskiy in /Users/andreyserebryanskiy/IdeaProjects/brief)
2018-03-12 22:32:40.576  INFO 53962 --- [    Test worker] c.n.b.r.GameSessionRepositoryTest        : The following profiles are active: dev
2018-03-12 22:32:40.970  INFO 53962 --- [    Test worker] s.c.a.AnnotationConfigApplicationContext : Refreshing org.springframework.context.annotation.AnnotationConfigApplicationContext@375d66fe: startup date [Mon Mar 12 22:32:40 MSK 2018]; root of context hierarchy
2018-03-12 22:32:41.616  INFO 53962 --- [    Test worker] beddedDataSourceBeanFactoryPostProcessor : Replacing 'dataSource' DataSource bean with embedded version
2018-03-12 22:32:41.617  INFO 53962 --- [    Test worker] o.s.b.f.s.DefaultListableBeanFactory     : Overriding bean definition for bean 'dataSource' with a different definition: replacing [Root bean: class [null]; scope=; abstract=false; lazyInit=false; autowireMode=3; dependencyCheck=0; autowireCandidate=true; primary=false; factoryBeanName=org.springframework.boot.autoconfigure.jdbc.DataSourceConfiguration$Tomcat; factoryMethodName=dataSource; initMethodName=null; destroyMethodName=(inferred); defined in class path resource [org/springframework/boot/autoconfigure/jdbc/DataSourceConfiguration$Tomcat.class]] with [Root bean: class [org.springframework.boot.test.autoconfigure.jdbc.TestDatabaseAutoConfiguration$EmbeddedDataSourceFactoryBean]; scope=; abstract=false; lazyInit=false; autowireMode=0; dependencyCheck=0; autowireCandidate=true; primary=false; factoryBeanName=null; factoryMethodName=null; initMethodName=null; destroyMethodName=null]
2018-03-12 22:32:41.981  INFO 53962 --- [    Test worker] o.s.j.d.e.EmbeddedDatabaseFactory        : Starting embedded database: url='jdbc:h2:mem:1b5c6eb3-2039-4e8c-83c6-57581bd751cd;DB_CLOSE_DELAY=-1;DB_CLOSE_ON_EXIT=false', username='sa'
2018-03-12 22:32:42.612  INFO 53962 --- [    Test worker] j.LocalContainerEntityManagerFactoryBean : Building JPA container EntityManagerFactory for persistence unit 'default'
2018-03-12 22:32:42.637  INFO 53962 --- [    Test worker] o.hibernate.jpa.internal.util.LogHelper  : HHH000204: Processing PersistenceUnitInfo [
	name: default
	...]
2018-03-12 22:32:42.732  INFO 53962 --- [    Test worker] org.hibernate.Version                    : HHH000412: Hibernate Core {5.2.13.Final}
2018-03-12 22:32:42.734  INFO 53962 --- [    Test worker] org.hibernate.cfg.Environment            : HHH000206: hibernate.properties not found
2018-03-12 22:32:42.789  INFO 53962 --- [    Test worker] o.hibernate.annotations.common.Version   : HCANN000001: Hibernate Commons Annotations {5.0.1.Final}
2018-03-12 22:32:42.922  INFO 53962 --- [    Test worker] org.hibernate.dialect.Dialect            : HHH000400: Using dialect: org.hibernate.dialect.H2Dialect
Hibernate: drop table brief if exists
Hibernate: drop table decision if exists
Hibernate: drop table game_session if exists
Hibernate: drop table player if exists
Hibernate: drop table user if exists
Hibernate: create table brief (id bigint generated by default as identity, correct_answers binary(255), english_name varchar(255), number_of_rounds integer not null, russian_name varchar(255), primary key (id))
Hibernate: create table decision (id bigint generated by default as identity, answer varchar(255), round_number integer not null, player_id bigint, primary key (id))
Hibernate: create table game_session (id bigint generated by default as identity, active_date date not null, current_phase_number integer not null, current_round_index integer not null, end_of_timer time, game binary(255) not null, rounds binary(255), str_id varchar(255) not null, user_id bigint, primary key (id))
Hibernate: create table player (id bigint generated by default as identity, command_name varchar(255) not null, logged_in boolean not null, username varchar(255), game_session_id bigint not null, primary key (id))
Hibernate: create table user (id bigint generated by default as identity, password varchar(255) not null, role varchar(255), username varchar(255) not null, primary key (id))
Hibernate: alter table user add constraint UK_sb8bbouer5wak8vyiiy4pf2bx unique (username)
Hibernate: alter table decision add constraint FK4spmbxklplt45dp461xfl7u84 foreign key (player_id) references player
Hibernate: alter table game_session add constraint FK9i2j4a856epglqtqhl32eja4o foreign key (user_id) references user
Hibernate: alter table player add constraint FK31cclyxv31178lpafi3iqi26e foreign key (game_session_id) references game_session
2018-03-12 22:32:43.743  INFO 53962 --- [    Test worker] o.h.t.schema.internal.SchemaCreatorImpl  : HHH000476: Executing import script 'org.hibernate.tool.schema.internal.exec.ScriptSourceInputNonExistentImpl@7eb897c1'
2018-03-12 22:32:43.746  INFO 53962 --- [    Test worker] j.LocalContainerEntityManagerFactoryBean : Initialized JPA EntityManagerFactory for persistence unit 'default'
2018-03-12 22:32:44.218  INFO 53962 --- [    Test worker] o.h.h.i.QueryTranslatorFactoryInitiator  : HHH000397: Using ASTQueryTranslatorFactory
2018-03-12 22:32:44.673  INFO 53962 --- [    Test worker] c.n.b.r.GameSessionRepositoryTest        : Started GameSessionRepositoryTest in 4.567 seconds (JVM running for 5.773)
2018-03-12 22:32:44.782  INFO 53962 --- [    Test worker] o.s.t.c.transaction.TransactionContext   : Began transaction (1) for test context [DefaultTestContext@6108f201 testClass = GameSessionRepositoryTest, testInstance = com.name.brief.repository.GameSessionRepositoryTest@73fd5902, testMethod = findBuStrIdAndActiveDate_returnsNullIfNoValidSessionFound@GameSessionRepositoryTest, testException = [null], mergedContextConfiguration = [MergedContextConfiguration@315783a4 testClass = GameSessionRepositoryTest, locations = '{}', classes = '{class com.name.brief.Application, class com.name.brief.repository.GameSessionRepositoryTest$Configuration}', contextInitializerClasses = '[]', activeProfiles = '{}', propertySourceLocations = '{}', propertySourceProperties = '{org.springframework.boot.test.context.SpringBootTestContextBootstrapper=true}', contextCustomizers = set[org.springframework.boot.test.autoconfigure.OverrideAutoConfigurationContextCustomizerFactory$DisableAutoConfigurationContextCustomizer@4a5df6d5, org.springframework.boot.test.autoconfigure.filter.TypeExcludeFiltersContextCustomizer@351584c0, org.springframework.boot.test.autoconfigure.properties.PropertyMappingContextCustomizer@6856e773, org.springframework.boot.test.autoconfigure.web.servlet.WebDriverContextCustomizerFactory$Customizer@5e593759, [ImportsContextCustomizer@5fb9139 key = [org.springframework.boot.autoconfigure.cache.CacheAutoConfiguration, org.springframework.boot.autoconfigure.data.jpa.JpaRepositoriesAutoConfiguration, org.springframework.boot.autoconfigure.flyway.FlywayAutoConfiguration, org.springframework.boot.autoconfigure.jdbc.DataSourceAutoConfiguration, org.springframework.boot.autoconfigure.jdbc.DataSourceTransactionManagerAutoConfiguration, org.springframework.boot.autoconfigure.jdbc.JdbcTemplateAutoConfiguration, org.springframework.boot.autoconfigure.liquibase.LiquibaseAutoConfiguration, org.springframework.boot.autoconfigure.orm.jpa.HibernateJpaAutoConfiguration, org.springframework.boot.autoconfigure.transaction.TransactionAutoConfiguration, org.springframework.boot.test.autoconfigure.jdbc.TestDatabaseAutoConfiguration, org.springframework.boot.test.autoconfigure.orm.jpa.TestEntityManagerAutoConfiguration]], org.springframework.boot.test.context.filter.ExcludeFilterContextCustomizer@55b17977, org.springframework.boot.test.json.DuplicateJsonObjectContextCustomizerFactory$DuplicateJsonObjectContextCustomizer@702ea2a3, org.springframework.boot.test.mock.mockito.MockitoContextCustomizer@0], contextLoader = 'org.springframework.boot.test.context.SpringBootContextLoader', parent = [null]]]; transaction manager [org.springframework.orm.jpa.JpaTransactionManager@2016efc]; rollback [true]
Hibernate: select gamesessio0_.id as id1_2_, gamesessio0_.active_date as active_d2_2_, gamesessio0_.current_phase_number as current_3_2_, gamesessio0_.current_round_index as current_4_2_, gamesessio0_.end_of_timer as end_of_t5_2_, gamesessio0_.game as game6_2_, gamesessio0_.rounds as rounds7_2_, gamesessio0_.str_id as str_id8_2_, gamesessio0_.user_id as user_id9_2_ from game_session gamesessio0_ where gamesessio0_.str_id=? and gamesessio0_.active_date=?
2018-03-12 22:32:44.873  INFO 53962 --- [    Test worker] o.s.t.c.transaction.TransactionContext   : Rolled back transaction for test context [DefaultTestContext@6108f201 testClass = GameSessionRepositoryTest, testInstance = com.name.brief.repository.GameSessionRepositoryTest@73fd5902, testMethod = findBuStrIdAndActiveDate_returnsNullIfNoValidSessionFound@GameSessionRepositoryTest, testException = [null], mergedContextConfiguration = [MergedContextConfiguration@315783a4 testClass = GameSessionRepositoryTest, locations = '{}', classes = '{class com.name.brief.Application, class com.name.brief.repository.GameSessionRepositoryTest$Configuration}', contextInitializerClasses = '[]', activeProfiles = '{}', propertySourceLocations = '{}', propertySourceProperties = '{org.springframework.boot.test.context.SpringBootTestContextBootstrapper=true}', contextCustomizers = set[org.springframework.boot.test.autoconfigure.OverrideAutoConfigurationContextCustomizerFactory$DisableAutoConfigurationContextCustomizer@4a5df6d5, org.springframework.boot.test.autoconfigure.filter.TypeExcludeFiltersContextCustomizer@351584c0, org.springframework.boot.test.autoconfigure.properties.PropertyMappingContextCustomizer@6856e773, org.springframework.boot.test.autoconfigure.web.servlet.WebDriverContextCustomizerFactory$Customizer@5e593759, [ImportsContextCustomizer@5fb9139 key = [org.springframework.boot.autoconfigure.cache.CacheAutoConfiguration, org.springframework.boot.autoconfigure.data.jpa.JpaRepositoriesAutoConfiguration, org.springframework.boot.autoconfigure.flyway.FlywayAutoConfiguration, org.springframework.boot.autoconfigure.jdbc.DataSourceAutoConfiguration, org.springframework.boot.autoconfigure.jdbc.DataSourceTransactionManagerAutoConfiguration, org.springframework.boot.autoconfigure.jdbc.JdbcTemplateAutoConfiguration, org.springframework.boot.autoconfigure.liquibase.LiquibaseAutoConfiguration, org.springframework.boot.autoconfigure.orm.jpa.HibernateJpaAutoConfiguration, org.springframework.boot.autoconfigure.transaction.TransactionAutoConfiguration, org.springframework.boot.test.autoconfigure.jdbc.TestDatabaseAutoConfiguration, org.springframework.boot.test.autoconfigure.orm.jpa.TestEntityManagerAutoConfiguration]], org.springframework.boot.test.context.filter.ExcludeFilterContextCustomizer@55b17977, org.springframework.boot.test.json.DuplicateJsonObjectContextCustomizerFactory$DuplicateJsonObjectContextCustomizer@702ea2a3, org.springframework.boot.test.mock.mockito.MockitoContextCustomizer@0], contextLoader = 'org.springframework.boot.test.context.SpringBootContextLoader', parent = [null]]].
[...]
Hibernate: select decisions0_.player_id as player_i4_1_0_, decisions0_.id as id1_1_0_, decisions0_.id as id1_1_1_, decisions0_.answer as answer2_1_1_, decisions0_.player_id as player_i4_1_1_, decisions0_.round_number as round_nu3_1_1_ from decision decisions0_ where decisions0_.player_id=?
Hibernate: select decisions0_.player_id as player_i4_1_0_, decisions0_.id as id1_1_0_, decisions0_.id as id1_1_1_, decisions0_.answer as answer2_1_1_, decisions0_.player_id as player_i4_1_1_, decisions0_.round_number as round_nu3_1_1_ from decision decisions0_ where decisions0_.player_id=?
2018-03-12 22:32:45.937  INFO 53962 --- [    Test worker] o.s.t.c.transaction.TransactionContext   : Rolled back transaction for test context [DefaultTestContext@6108f201 testClass = GameSessionRepositoryTest, testInstance = com.name.brief.repository.GameSessionRepositoryTest@5dbbf683, testMethod = setEndOfTimerWorksAsExpected@GameSessionRepositoryTest, testException = [null], mergedContextConfiguration = [MergedContextConfiguration@315783a4 testClass = GameSessionRepositoryTest, locations = '{}', classes = '{class com.name.brief.Application, class com.name.brief.repository.GameSessionRepositoryTest$Configuration}', contextInitializerClasses = '[]', activeProfiles = '{}', propertySourceLocations = '{}', propertySourceProperties = '{org.springframework.boot.test.context.SpringBootTestContextBootstrapper=true}', contextCustomizers = set[org.springframework.boot.test.autoconfigure.OverrideAutoConfigurationContextCustomizerFactory$DisableAutoConfigurationContextCustomizer@4a5df6d5, org.springframework.boot.test.autoconfigure.filter.TypeExcludeFiltersContextCustomizer@351584c0, org.springframework.boot.test.autoconfigure.properties.PropertyMappingContextCustomizer@6856e773, org.springframework.boot.test.autoconfigure.web.servlet.WebDriverContextCustomizerFactory$Customizer@5e593759, [ImportsContextCustomizer@5fb9139 key = [org.springframework.boot.autoconfigure.cache.CacheAutoConfiguration, org.springframework.boot.autoconfigure.data.jpa.JpaRepositoriesAutoConfiguration, org.springframework.boot.autoconfigure.flyway.FlywayAutoConfiguration, org.springframework.boot.autoconfigure.jdbc.DataSourceAutoConfiguration, org.springframework.boot.autoconfigure.jdbc.DataSourceTransactionManagerAutoConfiguration, org.springframework.boot.autoconfigure.jdbc.JdbcTemplateAutoConfiguration, org.springframework.boot.autoconfigure.liquibase.LiquibaseAutoConfiguration, org.springframework.boot.autoconfigure.orm.jpa.HibernateJpaAutoConfiguration, org.springframework.boot.autoconfigure.transaction.TransactionAutoConfiguration, org.springframework.boot.test.autoconfigure.jdbc.TestDatabaseAutoConfiguration, org.springframework.boot.test.autoconfigure.orm.jpa.TestEntityManagerAutoConfiguration]], org.springframework.boot.test.context.filter.ExcludeFilterContextCustomizer@55b17977, org.springframework.boot.test.json.DuplicateJsonObjectContextCustomizerFactory$DuplicateJsonObjectContextCustomizer@702ea2a3, org.springframework.boot.test.mock.mockito.MockitoContextCustomizer@0], contextLoader = 'org.springframework.boot.test.context.SpringBootContextLoader', parent = [null]]].
2018-03-12 22:32:45.940  INFO 53962 --- [    Test worker] o.s.t.c.transaction.TransactionContext   : Began transaction (1) for test context [DefaultTestContext@6108f201 testClass = GameSessionRepositoryTest, testInstance = com.name.brief.repository.GameSessionRepositoryTest@7fa0db3f, testMethod = update_withUpdatedCommandPersistsCommandAsWell@GameSessionRepositoryTest, testException = [null], mergedContextConfiguration = [MergedContextConfiguration@315783a4 testClass = GameSessionRepositoryTest, locations = '{}', classes = '{class com.name.brief.Application, class com.name.brief.repository.GameSessionRepositoryTest$Configuration}', contextInitializerClasses = '[]', activeProfiles = '{}', propertySourceLocations = '{}', propertySourceProperties = '{org.springframework.boot.test.context.SpringBootTestContextBootstrapper=true}', contextCustomizers = set[org.springframework.boot.test.autoconfigure.OverrideAutoConfigurationContextCustomizerFactory$DisableAutoConfigurationContextCustomizer@4a5df6d5, org.springframework.boot.test.autoconfigure.filter.TypeExcludeFiltersContextCustomizer@351584c0, org.springframework.boot.test.autoconfigure.properties.PropertyMappingContextCustomizer@6856e773, org.springframework.boot.test.autoconfigure.web.servlet.WebDriverContextCustomizerFactory$Customizer@5e593759, [ImportsContextCustomizer@5fb9139 key = [org.springframework.boot.autoconfigure.cache.CacheAutoConfiguration, org.springframework.boot.autoconfigure.data.jpa.JpaRepositoriesAutoConfiguration, org.springframework.boot.autoconfigure.flyway.FlywayAutoConfiguration, org.springframework.boot.autoconfigure.jdbc.DataSourceAutoConfiguration, org.springframework.boot.autoconfigure.jdbc.DataSourceTransactionManagerAutoConfiguration, org.springframework.boot.autoconfigure.jdbc.JdbcTemplateAutoConfiguration, org.springframework.boot.autoconfigure.liquibase.LiquibaseAutoConfiguration, org.springframework.boot.autoconfigure.orm.jpa.HibernateJpaAutoConfiguration, org.springframework.boot.autoconfigure.transaction.TransactionAutoConfiguration, org.springframework.boot.test.autoconfigure.jdbc.TestDatabaseAutoConfiguration, org.springframework.boot.test.autoconfigure.orm.jpa.TestEntityManagerAutoConfiguration]], org.springframework.boot.test.context.filter.ExcludeFilterContextCustomizer@55b17977, org.springframework.boot.test.json.DuplicateJsonObjectContextCustomizerFactory$DuplicateJsonObjectContextCustomizer@702ea2a3, org.springframework.boot.test.mock.mockito.MockitoContextCustomizer@0], contextLoader = 'org.springframework.boot.test.context.SpringBootContextLoader', parent = [null]]]; transaction manager [org.springframework.orm.jpa.JpaTransactionManager@2016efc]; rollback [true]
Hibernate: insert into game_session (id, active_date, current_phase_number, current_round_index, end_of_timer, game, rounds, str_id, user_id) values (null, ?, ?, ?, ?, ?, ?, ?, ?)
Hibernate: insert into player (id, command_name, game_session_id, logged_in, username) values (null, ?, ?, ?, ?)
Hibernate: insert into decision (id, answer, player_id, round_number) values (null, ?, ?, ?)
Hibernate: insert into decision (id, answer, player_id, round_number) values (null, ?, ?, ?)
Hibernate: insert into decision (id, answer, player_id, round_number) values (null, ?, ?, ?)
Hibernate: insert into decision (id, answer, player_id, round_number) values (null, ?, ?, ?)
Hibernate: insert into decision (id, answer, player_id, round_number) values (null, ?, ?, ?)
Hibernate: insert into player (id, command_name, game_session_id, logged_in, username) values (null, ?, ?, ?, ?)
Hibernate: insert into decision (id, answer, player_id, round_number) values (null, ?, ?, ?)
Hibernate: insert into decision (id, answer, player_id, round_number) values (null, ?, ?, ?)
Hibernate: insert into decision (id, answer, player_id, round_number) values (null, ?, ?, ?)
Hibernate: insert into decision (id, answer, player_id, round_number) values (null, ?, ?, ?)
Hibernate: insert into decision (id, answer, player_id, round_number) values (null, ?, ?, ?)
Hibernate: insert into player (id, command_name, game_session_id, logged_in, username) values (null, ?, ?, ?, ?)
Hibernate: insert into decision (id, answer, player_id, round_number) values (null, ?, ?, ?)
Hibernate: insert into decision (id, answer, player_id, round_number) values (null, ?, ?, ?)
Hibernate: insert into decision (id, answer, player_id, round_number) values (null, ?, ?, ?)
Hibernate: insert into decision (id, answer, player_id, round_number) values (null, ?, ?, ?)
Hibernate: insert into decision (id, answer, player_id, round_number) values (null, ?, ?, ?)
Hibernate: insert into player (id, command_name, game_session_id, logged_in, username) values (null, ?, ?, ?, ?)
Hibernate: insert into decision (id, answer, player_id, round_number) values (null, ?, ?, ?)
Hibernate: insert into decision (id, answer, player_id, round_number) values (null, ?, ?, ?)
Hibernate: insert into decision (id, answer, player_id, round_number) values (null, ?, ?, ?)
Hibernate: insert into decision (id, answer, player_id, round_number) values (null, ?, ?, ?)
Hibernate: insert into decision (id, answer, player_id, round_number) values (null, ?, ?, ?)
Hibernate: insert into player (id, command_name, game_session_id, logged_in, username) values (null, ?, ?, ?, ?)
Hibernate: insert into decision (id, answer, player_id, round_number) values (null, ?, ?, ?)
Hibernate: insert into decision (id, answer, player_id, round_number) values (null, ?, ?, ?)
Hibernate: insert into decision (id, answer, player_id, round_number) values (null, ?, ?, ?)
Hibernate: insert into decision (id, answer, player_id, round_number) values (null, ?, ?, ?)
Hibernate: insert into decision (id, answer, player_id, round_number) values (null, ?, ?, ?)
2018-03-12 22:32:45.988  INFO 53962 --- [    Test worker] o.s.t.c.transaction.TransactionContext   : Rolled back transaction for test context [DefaultTestContext@6108f201 testClass = GameSessionRepositoryTest, testInstance = com.name.brief.repository.GameSessionRepositoryTest@7fa0db3f, testMethod = update_withUpdatedCommandPersistsCommandAsWell@GameSessionRepositoryTest, testException = [null], mergedContextConfiguration = [MergedContextConfiguration@315783a4 testClass = GameSessionRepositoryTest, locations = '{}', classes = '{class com.name.brief.Application, class com.name.brief.repository.GameSessionRepositoryTest$Configuration}', contextInitializerClasses = '[]', activeProfiles = '{}', propertySourceLocations = '{}', propertySourceProperties = '{org.springframework.boot.test.context.SpringBootTestContextBootstrapper=true}', contextCustomizers = set[org.springframework.boot.test.autoconfigure.OverrideAutoConfigurationContextCustomizerFactory$DisableAutoConfigurationContextCustomizer@4a5df6d5, org.springframework.boot.test.autoconfigure.filter.TypeExcludeFiltersContextCustomizer@351584c0, org.springframework.boot.test.autoconfigure.properties.PropertyMappingContextCustomizer@6856e773, org.springframework.boot.test.autoconfigure.web.servlet.WebDriverContextCustomizerFactory$Customizer@5e593759, [ImportsContextCustomizer@5fb9139 key = [org.springframework.boot.autoconfigure.cache.CacheAutoConfiguration, org.springframework.boot.autoconfigure.data.jpa.JpaRepositoriesAutoConfiguration, org.springframework.boot.autoconfigure.flyway.FlywayAutoConfiguration, org.springframework.boot.autoconfigure.jdbc.DataSourceAutoConfiguration, org.springframework.boot.autoconfigure.jdbc.DataSourceTransactionManagerAutoConfiguration, org.springframework.boot.autoconfigure.jdbc.JdbcTemplateAutoConfiguration, org.springframework.boot.autoconfigure.liquibase.LiquibaseAutoConfiguration, org.springframework.boot.autoconfigure.orm.jpa.HibernateJpaAutoConfiguration, org.springframework.boot.autoconfigure.transaction.TransactionAutoConfiguration, org.springframework.boot.test.autoconfigure.jdbc.TestDatabaseAutoConfiguration, org.springframework.boot.test.autoconfigure.orm.jpa.TestEntityManagerAutoConfiguration]], org.springframework.boot.test.context.filter.ExcludeFilterContextCustomizer@55b17977, org.springframework.boot.test.json.DuplicateJsonObjectContextCustomizerFactory$DuplicateJsonObjectContextCustomizer@702ea2a3, org.springframework.boot.test.mock.mockito.MockitoContextCustomizer@0], contextLoader = 'org.springframework.boot.test.context.SpringBootContextLoader', parent = [null]]].
2018-03-12 22:32:45.992  INFO 53962 --- [    Test worker] o.s.t.c.transaction.TransactionContext   : Began transaction (1) for test context [DefaultTestContext@6108f201 testClass = GameSessionRepositoryTest, testInstance = com.name.brief.repository.GameSessionRepositoryTest@786a203d, testMethod = savingSessionAddsIdToIt@GameSessionRepositoryTest, testException = [null], mergedContextConfiguration = [MergedContextConfiguration@315783a4 testClass = GameSessionRepositoryTest, locations = '{}', classes = '{class com.name.brief.Application, class com.name.brief.repository.GameSessionRepositoryTest$Configuration}', contextInitializerClasses = '[]', activeProfiles = '{}', propertySourceLocations = '{}', propertySourceProperties = '{org.springframework.boot.test.context.SpringBootTestContextBootstrapper=true}', contextCustomizers = set[org.springframework.boot.test.autoconfigure.OverrideAutoConfigurationContextCustomizerFactory$DisableAutoConfigurationContextCustomizer@4a5df6d5, org.springframework.boot.test.autoconfigure.filter.TypeExcludeFiltersContextCustomizer@351584c0, org.springframework.boot.test.autoconfigure.properties.PropertyMappingContextCustomizer@6856e773, org.springframework.boot.test.autoconfigure.web.servlet.WebDriverContextCustomizerFactory$Customizer@5e593759, [ImportsContextCustomizer@5fb9139 key = [org.springframework.boot.autoconfigure.cache.CacheAutoConfiguration, org.springframework.boot.autoconfigure.data.jpa.JpaRepositoriesAutoConfiguration, org.springframework.boot.autoconfigure.flyway.FlywayAutoConfiguration, org.springframework.boot.autoconfigure.jdbc.DataSourceAutoConfiguration, org.springframework.boot.autoconfigure.jdbc.DataSourceTransactionManagerAutoConfiguration, org.springframework.boot.autoconfigure.jdbc.JdbcTemplateAutoConfiguration, org.springframework.boot.autoconfigure.liquibase.LiquibaseAutoConfiguration, org.springframework.boot.autoconfigure.orm.jpa.HibernateJpaAutoConfiguration, org.springframework.boot.autoconfigure.transaction.TransactionAutoConfiguration, org.springframework.boot.test.autoconfigure.jdbc.TestDatabaseAutoConfiguration, org.springframework.boot.test.autoconfigure.orm.jpa.TestEntityManagerAutoConfiguration]], org.springframework.boot.test.context.filter.ExcludeFilterContextCustomizer@55b17977, org.springframework.boot.test.json.DuplicateJsonObjectContextCustomizerFactory$DuplicateJsonObjectContextCustomizer@702ea2a3, org.springframework.boot.test.mock.mockito.MockitoContextCustomizer@0], contextLoader = 'org.springframework.boot.test.context.SpringBootContextLoader', parent = [null]]]; transaction manager [org.springframework.orm.jpa.JpaTransactionManager@2016efc]; rollback [true]
Hibernate: insert into game_session (id, active_date, current_phase_number, current_round_index, end_of_timer, game, rounds, str_id, user_id) values (null, ?, ?, ?, ?, ?, ?, ?, ?)
Hibernate: insert into player (id, command_name, game_session_id, logged_in, username) values (null, ?, ?, ?, ?)
Hibernate: insert into decision (id, answer, player_id, round_number) values (null, ?, ?, ?)
Hibernate: insert into decision (id, answer, player_id, round_number) values (null, ?, ?, ?)
Hibernate: insert into decision (id, answer, player_id, round_number) values (null, ?, ?, ?)
Hibernate: insert into decision (id, answer, player_id, round_number) values (null, ?, ?, ?)
Hibernate: insert into decision (id, answer, player_id, round_number) values (null, ?, ?, ?)
Hibernate: insert into player (id, command_name, game_session_id, logged_in, username) values (null, ?, ?, ?, ?)
Hibernate: insert into decision (id, answer, player_id, round_number) values (null, ?, ?, ?)
Hibernate: insert into decision (id, answer, player_id, round_number) values (null, ?, ?, ?)
Hibernate: insert into decision (id, answer, player_id, round_number) values (null, ?, ?, ?)
Hibernate: insert into decision (id, answer, player_id, round_number) values (null, ?, ?, ?)
Hibernate: insert into decision (id, answer, player_id, round_number) values (null, ?, ?, ?)
Hibernate: insert into player (id, command_name, game_session_id, logged_in, username) values (null, ?, ?, ?, ?)
Hibernate: insert into decision (id, answer, player_id, round_number) values (null, ?, ?, ?)
Hibernate: insert into decision (id, answer, player_id, round_number) values (null, ?, ?, ?)
Hibernate: insert into decision (id, answer, player_id, round_number) values (null, ?, ?, ?)
Hibernate: insert into decision (id, answer, player_id, round_number) values (null, ?, ?, ?)
Hibernate: insert into decision (id, answer, player_id, round_number) values (null, ?, ?, ?)
Hibernate: insert into player (id, command_name, game_session_id, logged_in, username) values (null, ?, ?, ?, ?)
Hibernate: insert into decision (id, answer, player_id, round_number) values (null, ?, ?, ?)
Hibernate: insert into decision (id, answer, player_id, round_number) values (null, ?, ?, ?)
Hibernate: insert into decision (id, answer, player_id, round_number) values (null, ?, ?, ?)
Hibernate: insert into decision (id, answer, player_id, round_number) values (null, ?, ?, ?)
Hibernate: insert into decision (id, answer, player_id, round_number) values (null, ?, ?, ?)
Hibernate: insert into player (id, command_name, game_session_id, logged_in, username) values (null, ?, ?, ?, ?)
Hibernate: insert into decision (id, answer, player_id, round_number) values (null, ?, ?, ?)
Hibernate: insert into decision (id, answer, player_id, round_number) values (null, ?, ?, ?)
Hibernate: insert into decision (id, answer, player_id, round_number) values (null, ?, ?, ?)
Hibernate: insert into decision (id, answer, player_id, round_number) values (null, ?, ?, ?)
Hibernate: insert into decision (id, answer, player_id, round_number) values (null, ?, ?, ?)
2018-03-12 22:32:46.020  INFO 53962 --- [    Test worker] o.s.t.c.transaction.TransactionContext   : Rolled back transaction for test context [DefaultTestContext@6108f201 testClass = GameSessionRepositoryTest, testInstance = com.name.brief.repository.GameSessionRepositoryTest@786a203d, testMethod = savingSessionAddsIdToIt@GameSessionRepositoryTest, testException = [null], mergedContextConfiguration = [MergedContextConfiguration@315783a4 testClass = GameSessionRepositoryTest, locations = '{}', classes = '{class com.name.brief.Application, class com.name.brief.repository.GameSessionRepositoryTest$Configuration}', contextInitializerClasses = '[]', activeProfiles = '{}', propertySourceLocations = '{}', propertySourceProperties = '{org.springframework.boot.test.context.SpringBootTestContextBootstrapper=true}', contextCustomizers = set[org.springframework.boot.test.autoconfigure.OverrideAutoConfigurationContextCustomizerFactory$DisableAutoConfigurationContextCustomizer@4a5df6d5, org.springframework.boot.test.autoconfigure.filter.TypeExcludeFiltersContextCustomizer@351584c0, org.springframework.boot.test.autoconfigure.properties.PropertyMappingContextCustomizer@6856e773, org.springframework.boot.test.autoconfigure.web.servlet.WebDriverContextCustomizerFactory$Customizer@5e593759, [ImportsContextCustomizer@5fb9139 key = [org.springframework.boot.autoconfigure.cache.CacheAutoConfiguration, org.springframework.boot.autoconfigure.data.jpa.JpaRepositoriesAutoConfiguration, org.springframework.boot.autoconfigure.flyway.FlywayAutoConfiguration, org.springframework.boot.autoconfigure.jdbc.DataSourceAutoConfiguration, org.springframework.boot.autoconfigure.jdbc.DataSourceTransactionManagerAutoConfiguration, org.springframework.boot.autoconfigure.jdbc.JdbcTemplateAutoConfiguration, org.springframework.boot.autoconfigure.liquibase.LiquibaseAutoConfiguration, org.springframework.boot.autoconfigure.orm.jpa.HibernateJpaAutoConfiguration, org.springframework.boot.autoconfigure.transaction.TransactionAutoConfiguration, org.springframework.boot.test.autoconfigure.jdbc.TestDatabaseAutoConfiguration, org.springframework.boot.test.autoconfigure.orm.jpa.TestEntityManagerAutoConfiguration]], org.springframework.boot.test.context.filter.ExcludeFilterContextCustomizer@55b17977, org.springframework.boot.test.json.DuplicateJsonObjectContextCustomizerFactory$DuplicateJsonObjectContextCustomizer@702ea2a3, org.springframework.boot.test.mock.mockito.MockitoContextCustomizer@0], contextLoader = 'org.springframework.boot.test.context.SpringBootContextLoader', parent = [null]]].
]]></system-out>
  <system-err><![CDATA[]]></system-err>
</testsuite>
